

Microchip MPLAB XC8 Assembler V2.31 build 20201012212115 
                                                                                               Mon Aug 02 20:41:38 2021

Microchip MPLAB XC8 C Compiler v2.31 (Free license) build 20201012212115 Og1 
     1                           	processor	16F887
     2                           	pagewidth 120
     3                           	opt	flic
     4                           	psect	cinit,global,class=CODE,merge=1,delta=2
     5                           	psect	bssCOMMON,global,class=COMMON,space=1,delta=1,noexec
     6                           	psect	cstackCOMMON,global,class=COMMON,space=1,delta=1,noexec
     7                           	psect	cstackBANK0,global,class=BANK0,space=1,delta=1,noexec
     8                           	psect	maintext,global,class=CODE,split=1,delta=2
     9                           	psect	text1,local,class=CODE,merge=1,delta=2
    10                           	psect	text2,local,class=CODE,merge=1,delta=2
    11                           	psect	text3,local,class=CODE,merge=1,delta=2
    12                           	psect	text4,local,class=CODE,merge=1,delta=2
    13                           	psect	intentry,global,class=CODE,delta=2
    14                           	psect	text5,local,class=CODE,merge=1,delta=2
    15                           	psect	text6,local,class=CODE,merge=1,delta=2
    16                           	psect	text7,local,class=CODE,merge=1,delta=2
    17                           	psect	config,global,abs,ovrld,class=CONFIG,space=4,delta=2,noexec
    18                           	dabs	1,0x7E,2
    19  0000                     
    20                           ; Version 2.20
    21                           ; Generated 12/02/2020 GMT
    22                           ; 
    23                           ; Copyright © 2020, Microchip Technology Inc. and its subsidiaries ("Microchip")
    24                           ; All rights reserved.
    25                           ; 
    26                           ; This software is developed by Microchip Technology Inc. and its subsidiaries ("Microch
      +                          ip").
    27                           ; 
    28                           ; Redistribution and use in source and binary forms, with or without modification, are
    29                           ; permitted provided that the following conditions are met:
    30                           ; 
    31                           ;     1. Redistributions of source code must retain the above copyright notice, this lis
      +                          t of
    32                           ;        conditions and the following disclaimer.
    33                           ; 
    34                           ;     2. Redistributions in binary form must reproduce the above copyright notice, this 
      +                          list
    35                           ;        of conditions and the following disclaimer in the documentation and/or other
    36                           ;        materials provided with the distribution.
    37                           ; 
    38                           ;     3. Microchip's name may not be used to endorse or promote products derived from th
      +                          is
    39                           ;        software without specific prior written permission.
    40                           ; 
    41                           ; THIS SOFTWARE IS PROVIDED BY MICROCHIP "AS IS" AND ANY EXPRESS OR IMPLIED WARRANTIES,
    42                           ; INCLUDING, BUT NOT LIMITED TO, THE IMPLIED WARRANTIES OF MERCHANTABILITY AND FITNESS F
      +                          OR
    43                           ; PURPOSE ARE DISCLAIMED.  IN NO EVENT SHALL MICROCHIP BE LIABLE FOR ANY DIRECT, INDIREC
      +                          T,
    44                           ; INCIDENTAL, SPECIAL, EXEMPLARY, OR CONSEQUENTIAL DAMAGES (INCLUDING BUT NOT LIMITED TO
    45                           ; PROCUREMENT OF SUBSTITUTE GOODS OR SERVICES; LOSS OF USE, DATA OR PROFITS; OR BUSINESS
    46                           ; INTERRUPTION) HOWSOEVER CAUSED AND ON ANY THEORY OF LIABILITY, WHETHER IN CONTRACT, ST
      +                          RICT
    47                           ; LIABILITY, OR TORT (INCLUDING NEGLIGENCE OR OTHERWISE) ARISING IN ANY WAY OUT OF THE U
      +                          SE OF
    48                           ; THIS SOFTWARE, EVEN IF ADVISED OF THE POSSIBILITY OF SUCH DAMAGE.
    49                           ; 
    50                           ; 
    51                           ; Code-generator required, PIC16F887 Definitions
    52                           ; 
    53                           ; SFR Addresses
    54  0000                     	;# 
    55  0001                     	;# 
    56  0002                     	;# 
    57  0003                     	;# 
    58  0004                     	;# 
    59  0005                     	;# 
    60  0006                     	;# 
    61  0007                     	;# 
    62  0008                     	;# 
    63  0009                     	;# 
    64  000A                     	;# 
    65  000B                     	;# 
    66  000C                     	;# 
    67  000D                     	;# 
    68  000E                     	;# 
    69  000E                     	;# 
    70  000F                     	;# 
    71  0010                     	;# 
    72  0011                     	;# 
    73  0012                     	;# 
    74  0013                     	;# 
    75  0014                     	;# 
    76  0015                     	;# 
    77  0015                     	;# 
    78  0016                     	;# 
    79  0017                     	;# 
    80  0018                     	;# 
    81  0019                     	;# 
    82  001A                     	;# 
    83  001B                     	;# 
    84  001B                     	;# 
    85  001C                     	;# 
    86  001D                     	;# 
    87  001E                     	;# 
    88  001F                     	;# 
    89  0081                     	;# 
    90  0085                     	;# 
    91  0086                     	;# 
    92  0087                     	;# 
    93  0088                     	;# 
    94  0089                     	;# 
    95  008C                     	;# 
    96  008D                     	;# 
    97  008E                     	;# 
    98  008F                     	;# 
    99  0090                     	;# 
   100  0091                     	;# 
   101  0092                     	;# 
   102  0093                     	;# 
   103  0093                     	;# 
   104  0093                     	;# 
   105  0094                     	;# 
   106  0095                     	;# 
   107  0096                     	;# 
   108  0097                     	;# 
   109  0098                     	;# 
   110  0099                     	;# 
   111  009A                     	;# 
   112  009B                     	;# 
   113  009C                     	;# 
   114  009D                     	;# 
   115  009E                     	;# 
   116  009F                     	;# 
   117  0105                     	;# 
   118  0107                     	;# 
   119  0108                     	;# 
   120  0109                     	;# 
   121  010C                     	;# 
   122  010C                     	;# 
   123  010D                     	;# 
   124  010E                     	;# 
   125  010F                     	;# 
   126  0185                     	;# 
   127  0187                     	;# 
   128  0188                     	;# 
   129  0189                     	;# 
   130  018C                     	;# 
   131  018D                     	;# 
   132  0000                     	;# 
   133  0001                     	;# 
   134  0002                     	;# 
   135  0003                     	;# 
   136  0004                     	;# 
   137  0005                     	;# 
   138  0006                     	;# 
   139  0007                     	;# 
   140  0008                     	;# 
   141  0009                     	;# 
   142  000A                     	;# 
   143  000B                     	;# 
   144  000C                     	;# 
   145  000D                     	;# 
   146  000E                     	;# 
   147  000E                     	;# 
   148  000F                     	;# 
   149  0010                     	;# 
   150  0011                     	;# 
   151  0012                     	;# 
   152  0013                     	;# 
   153  0014                     	;# 
   154  0015                     	;# 
   155  0015                     	;# 
   156  0016                     	;# 
   157  0017                     	;# 
   158  0018                     	;# 
   159  0019                     	;# 
   160  001A                     	;# 
   161  001B                     	;# 
   162  001B                     	;# 
   163  001C                     	;# 
   164  001D                     	;# 
   165  001E                     	;# 
   166  001F                     	;# 
   167  0081                     	;# 
   168  0085                     	;# 
   169  0086                     	;# 
   170  0087                     	;# 
   171  0088                     	;# 
   172  0089                     	;# 
   173  008C                     	;# 
   174  008D                     	;# 
   175  008E                     	;# 
   176  008F                     	;# 
   177  0090                     	;# 
   178  0091                     	;# 
   179  0092                     	;# 
   180  0093                     	;# 
   181  0093                     	;# 
   182  0093                     	;# 
   183  0094                     	;# 
   184  0095                     	;# 
   185  0096                     	;# 
   186  0097                     	;# 
   187  0098                     	;# 
   188  0099                     	;# 
   189  009A                     	;# 
   190  009B                     	;# 
   191  009C                     	;# 
   192  009D                     	;# 
   193  009E                     	;# 
   194  009F                     	;# 
   195  0105                     	;# 
   196  0107                     	;# 
   197  0108                     	;# 
   198  0109                     	;# 
   199  010C                     	;# 
   200  010C                     	;# 
   201  010D                     	;# 
   202  010E                     	;# 
   203  010F                     	;# 
   204  0185                     	;# 
   205  0187                     	;# 
   206  0188                     	;# 
   207  0189                     	;# 
   208  018C                     	;# 
   209  018D                     	;# 
   210  0000                     	;# 
   211  0001                     	;# 
   212  0002                     	;# 
   213  0003                     	;# 
   214  0004                     	;# 
   215  0005                     	;# 
   216  0006                     	;# 
   217  0007                     	;# 
   218  0008                     	;# 
   219  0009                     	;# 
   220  000A                     	;# 
   221  000B                     	;# 
   222  000C                     	;# 
   223  000D                     	;# 
   224  000E                     	;# 
   225  000E                     	;# 
   226  000F                     	;# 
   227  0010                     	;# 
   228  0011                     	;# 
   229  0012                     	;# 
   230  0013                     	;# 
   231  0014                     	;# 
   232  0015                     	;# 
   233  0015                     	;# 
   234  0016                     	;# 
   235  0017                     	;# 
   236  0018                     	;# 
   237  0019                     	;# 
   238  001A                     	;# 
   239  001B                     	;# 
   240  001B                     	;# 
   241  001C                     	;# 
   242  001D                     	;# 
   243  001E                     	;# 
   244  001F                     	;# 
   245  0081                     	;# 
   246  0085                     	;# 
   247  0086                     	;# 
   248  0087                     	;# 
   249  0088                     	;# 
   250  0089                     	;# 
   251  008C                     	;# 
   252  008D                     	;# 
   253  008E                     	;# 
   254  008F                     	;# 
   255  0090                     	;# 
   256  0091                     	;# 
   257  0092                     	;# 
   258  0093                     	;# 
   259  0093                     	;# 
   260  0093                     	;# 
   261  0094                     	;# 
   262  0095                     	;# 
   263  0096                     	;# 
   264  0097                     	;# 
   265  0098                     	;# 
   266  0099                     	;# 
   267  009A                     	;# 
   268  009B                     	;# 
   269  009C                     	;# 
   270  009D                     	;# 
   271  009E                     	;# 
   272  009F                     	;# 
   273  0105                     	;# 
   274  0107                     	;# 
   275  0108                     	;# 
   276  0109                     	;# 
   277  010C                     	;# 
   278  010C                     	;# 
   279  010D                     	;# 
   280  010E                     	;# 
   281  010F                     	;# 
   282  0185                     	;# 
   283  0187                     	;# 
   284  0188                     	;# 
   285  0189                     	;# 
   286  018C                     	;# 
   287  018D                     	;# 
   288  0000                     	;# 
   289  0001                     	;# 
   290  0002                     	;# 
   291  0003                     	;# 
   292  0004                     	;# 
   293  0005                     	;# 
   294  0006                     	;# 
   295  0007                     	;# 
   296  0008                     	;# 
   297  0009                     	;# 
   298  000A                     	;# 
   299  000B                     	;# 
   300  000C                     	;# 
   301  000D                     	;# 
   302  000E                     	;# 
   303  000E                     	;# 
   304  000F                     	;# 
   305  0010                     	;# 
   306  0011                     	;# 
   307  0012                     	;# 
   308  0013                     	;# 
   309  0014                     	;# 
   310  0015                     	;# 
   311  0015                     	;# 
   312  0016                     	;# 
   313  0017                     	;# 
   314  0018                     	;# 
   315  0019                     	;# 
   316  001A                     	;# 
   317  001B                     	;# 
   318  001B                     	;# 
   319  001C                     	;# 
   320  001D                     	;# 
   321  001E                     	;# 
   322  001F                     	;# 
   323  0081                     	;# 
   324  0085                     	;# 
   325  0086                     	;# 
   326  0087                     	;# 
   327  0088                     	;# 
   328  0089                     	;# 
   329  008C                     	;# 
   330  008D                     	;# 
   331  008E                     	;# 
   332  008F                     	;# 
   333  0090                     	;# 
   334  0091                     	;# 
   335  0092                     	;# 
   336  0093                     	;# 
   337  0093                     	;# 
   338  0093                     	;# 
   339  0094                     	;# 
   340  0095                     	;# 
   341  0096                     	;# 
   342  0097                     	;# 
   343  0098                     	;# 
   344  0099                     	;# 
   345  009A                     	;# 
   346  009B                     	;# 
   347  009C                     	;# 
   348  009D                     	;# 
   349  009E                     	;# 
   350  009F                     	;# 
   351  0105                     	;# 
   352  0107                     	;# 
   353  0108                     	;# 
   354  0109                     	;# 
   355  010C                     	;# 
   356  010C                     	;# 
   357  010D                     	;# 
   358  010E                     	;# 
   359  010F                     	;# 
   360  0185                     	;# 
   361  0187                     	;# 
   362  0188                     	;# 
   363  0189                     	;# 
   364  018C                     	;# 
   365  018D                     	;# 
   366  0013                     _SSPBUF	set	19
   367  0014                     _SSPCON	set	20
   368  000B                     _INTCONbits	set	11
   369  0009                     _PORTE	set	9
   370  0008                     _PORTD	set	8
   371  0007                     _PORTC	set	7
   372  0006                     _PORTB	set	6
   373  0005                     _PORTA	set	5
   374  000C                     _PIR1bits	set	12
   375  001E                     _ADRESH	set	30
   376  001F                     _ADCON0bits	set	31
   377  0063                     _SSPIF	set	99
   378  0066                     _ADIF	set	102
   379  0094                     _SSPSTATbits	set	148
   380  0094                     _SSPSTAT	set	148
   381  008C                     _PIE1bits	set	140
   382  0089                     _TRISEbits	set	137
   383  0085                     _TRISA	set	133
   384  009E                     _ADRESL	set	158
   385  009F                     _ADCON1bits	set	159
   386  008F                     _OSCCONbits	set	143
   387  043B                     _TRISC3	set	1083
   388  043D                     _TRISC5	set	1085
   389  0189                     _ANSELH	set	393
   390  0188                     _ANSEL	set	392
   391                           
   392                           	psect	cinit
   393  0011                     start_initialization:	
   394                           ; #config settings
   395                           
   396  0011                     __initialization:
   397                           
   398                           ; Clear objects allocated to COMMON
   399  0011  01F6               	clrf	__pbssCOMMON& (0+127)
   400  0012  01F7               	clrf	(__pbssCOMMON+1)& (0+127)
   401  0013  01F8               	clrf	(__pbssCOMMON+2)& (0+127)
   402  0014                     end_of_initialization:	
   403                           ;End of C runtime variable initialization code
   404                           
   405  0014                     __end_of__initialization:
   406  0014  0183               	clrf	3
   407  0015  120A  118A  28D5   	ljmp	_main	;jump to C main() function
   408                           
   409                           	psect	bssCOMMON
   410  0076                     __pbssCOMMON:
   411  0076                     _canal:
   412  0076                     	ds	1
   413  0077                     _conversion2:
   414  0077                     	ds	1
   415  0078                     _conversion1:
   416  0078                     	ds	1
   417                           
   418                           	psect	cstackCOMMON
   419  0070                     __pcstackCOMMON:
   420  0070                     ?_spiRead:
   421  0070                     ??_spiRead:	
   422                           ; 1 bytes @ 0x0
   423                           
   424  0070                     ?_spiWrite:	
   425                           ; 1 bytes @ 0x0
   426                           
   427  0070                     ??_spiWrite:	
   428                           ; 1 bytes @ 0x0
   429                           
   430  0070                     ?_conf_OSCCON:	
   431                           ; 1 bytes @ 0x0
   432                           
   433  0070                     ?_isr:	
   434                           ; 1 bytes @ 0x0
   435                           
   436  0070                     ?_main:	
   437                           ; 1 bytes @ 0x0
   438                           
   439  0070                     ?_spiReceiveWait:	
   440                           ; 1 bytes @ 0x0
   441                           
   442  0070                     ??_spiReceiveWait:	
   443                           ; 1 bytes @ 0x0
   444                           
   445  0070                     spiWrite@dat:	
   446                           ; 1 bytes @ 0x0
   447                           
   448                           
   449                           ; 1 bytes @ 0x0
   450  0070                     	ds	1
   451  0071                     ??_isr:
   452                           
   453                           ; 1 bytes @ 0x1
   454  0071                     	ds	5
   455                           
   456                           	psect	cstackBANK0
   457  0020                     __pcstackBANK0:
   458  0020                     ?_spiInit:
   459  0020                     ??_conf_OSCCON:	
   460                           ; 1 bytes @ 0x0
   461                           
   462  0020                     ?_conf_ADC:	
   463                           ; 1 bytes @ 0x0
   464                           
   465  0020                     conf_ADC@frec_reloj:	
   466                           ; 1 bytes @ 0x0
   467                           
   468  0020                     spiInit@sDataSample:	
   469                           ; 1 bytes @ 0x0
   470                           
   471                           
   472                           ; 1 bytes @ 0x0
   473  0020                     	ds	1
   474  0021                     ??_conf_ADC:
   475  0021                     spiInit@sClockIdle:	
   476                           ; 1 bytes @ 0x1
   477                           
   478                           
   479                           ; 1 bytes @ 0x1
   480  0021                     	ds	1
   481  0022                     conf_OSCCON@frecuencia:
   482  0022                     spiInit@sTransmitEdge:	
   483                           ; 1 bytes @ 0x2
   484                           
   485                           
   486                           ; 1 bytes @ 0x2
   487  0022                     	ds	1
   488  0023                     ??_spiInit:
   489  0023                     conf_ADC@canal:	
   490                           ; 1 bytes @ 0x3
   491                           
   492  0023                     spiInit@sType:	
   493                           ; 1 bytes @ 0x3
   494                           
   495                           
   496                           ; 1 bytes @ 0x3
   497  0023                     	ds	1
   498  0024                     ??_main:
   499                           
   500                           ; 1 bytes @ 0x4
   501  0024                     	ds	1
   502                           
   503                           	psect	maintext
   504  00D5                     __pmaintext:	
   505 ;;
   506 ;;Main: autosize = 0, tempsize = 1, incstack = 0, save=0
   507 ;;
   508 ;; *************** function _main *****************
   509 ;; Defined at:
   510 ;;		line 74 in file "lab03_esclavo.c"
   511 ;; Parameters:    Size  Location     Type
   512 ;;		None
   513 ;; Auto vars:     Size  Location     Type
   514 ;;		None
   515 ;; Return value:  Size  Location     Type
   516 ;;                  1    wreg      void 
   517 ;; Registers used:
   518 ;;		wreg, fsr0l, fsr0h, status,2, status,0, pclath, cstack
   519 ;; Tracked objects:
   520 ;;		On entry : B00/0
   521 ;;		On exit  : 0/0
   522 ;;		Unchanged: 0/0
   523 ;; Data sizes:     COMMON   BANK0   BANK1   BANK3   BANK2
   524 ;;      Params:         0       0       0       0       0
   525 ;;      Locals:         0       0       0       0       0
   526 ;;      Temps:          0       1       0       0       0
   527 ;;      Totals:         0       1       0       0       0
   528 ;;Total ram usage:        1 bytes
   529 ;; Hardware stack levels required when called:    4
   530 ;; This function calls:
   531 ;;		_conf_ADC
   532 ;;		_conf_OSCCON
   533 ;;		_spiInit
   534 ;; This function is called by:
   535 ;;		Startup code after reset
   536 ;; This function uses a non-reentrant model
   537 ;;
   538                           
   539                           
   540                           ;psect for function _main
   541  00D5                     _main:
   542  00D5                     l1195:	
   543                           ;incstack = 0
   544                           ; Regs used in _main: [wreg-fsr0h+status,2+status,0+pclath+cstack]
   545                           
   546                           
   547                           ;lab03_esclavo.c: 78: ANSEL = 0b00000011;
   548  00D5  3003               	movlw	3
   549  00D6  1683               	bsf	3,5	;RP0=1, select bank3
   550  00D7  1703               	bsf	3,6	;RP1=1, select bank3
   551  00D8  0088               	movwf	8	;volatile
   552  00D9                     l1197:
   553                           
   554                           ;lab03_esclavo.c: 79: ANSELH = 0x00;
   555  00D9  0189               	clrf	9	;volatile
   556  00DA                     l1199:
   557                           
   558                           ;lab03_esclavo.c: 81: TRISA = 0b00000011;
   559  00DA  3003               	movlw	3
   560  00DB  1683               	bsf	3,5	;RP0=1, select bank1
   561  00DC  1303               	bcf	3,6	;RP1=0, select bank1
   562  00DD  0085               	movwf	5	;volatile
   563  00DE                     l1201:
   564                           
   565                           ;lab03_esclavo.c: 82: TRISEbits.TRISE0 = 1;
   566  00DE  1409               	bsf	9,0	;volatile
   567                           
   568                           ;lab03_esclavo.c: 84: PORTA = 0x00;
   569  00DF  1283               	bcf	3,5	;RP0=0, select bank0
   570  00E0  1303               	bcf	3,6	;RP1=0, select bank0
   571  00E1  0185               	clrf	5	;volatile
   572                           
   573                           ;lab03_esclavo.c: 85: PORTB = 0x00;
   574  00E2  0186               	clrf	6	;volatile
   575                           
   576                           ;lab03_esclavo.c: 86: PORTC = 0x00;
   577  00E3  0187               	clrf	7	;volatile
   578                           
   579                           ;lab03_esclavo.c: 87: PORTD = 0x00;
   580  00E4  0188               	clrf	8	;volatile
   581                           
   582                           ;lab03_esclavo.c: 88: PORTE = 0x00;
   583  00E5  0189               	clrf	9	;volatile
   584  00E6                     l1203:
   585                           
   586                           ;lab03_esclavo.c: 95: conf_OSCCON(8);
   587  00E6  3008               	movlw	8
   588  00E7  120A  118A  2077  120A  118A  	fcall	_conf_OSCCON
   589  00EC                     l1205:
   590                           
   591                           ;lab03_esclavo.c: 102: conf_ADC(0 , 3);
   592  00EC  3003               	movlw	3
   593  00ED  1283               	bcf	3,5	;RP0=0, select bank0
   594  00EE  1303               	bcf	3,6	;RP1=0, select bank0
   595  00EF  00A4               	movwf	??_main
   596  00F0  0824               	movf	??_main,w
   597  00F1  00A0               	movwf	conf_ADC@frec_reloj
   598  00F2  3000               	movlw	0
   599  00F3  120A  118A  2129  120A  118A  	fcall	_conf_ADC
   600  00F8                     l1207:
   601                           
   602                           ;lab03_esclavo.c: 103: _delay((unsigned long)((50)*(8000000/4000000.0)));
   603  00F8  3020               	movlw	32
   604  00F9  1283               	bcf	3,5	;RP0=0, select bank0
   605  00FA  1303               	bcf	3,6	;RP1=0, select bank0
   606  00FB  00A4               	movwf	??_main
   607  00FC                     u127:
   608  00FC  0BA4               	decfsz	??_main,f
   609  00FD  28FC               	goto	u127
   610  00FE  0000               	nop
   611  00FF                     l1209:
   612                           
   613                           ;lab03_esclavo.c: 104: ADCON0bits.GO = 1;
   614  00FF  1283               	bcf	3,5	;RP0=0, select bank0
   615  0100  1303               	bcf	3,6	;RP1=0, select bank0
   616  0101  149F               	bsf	31,1	;volatile
   617  0102                     l1211:
   618                           
   619                           ;lab03_esclavo.c: 108: spiInit(SPI_SLAVE_SS_EN, SPI_DATA_SAMPLE_MIDDLE, SPI_CLOCK_IDLE_L
      +                          OW, SPI_IDLE_2_ACTIVE);
   620  0102  01A0               	clrf	spiInit@sDataSample
   621  0103  01A1               	clrf	spiInit@sClockIdle
   622  0104  01A2               	clrf	spiInit@sTransmitEdge
   623  0105  3024               	movlw	36
   624  0106  120A  118A  216B  120A  118A  	fcall	_spiInit
   625  010B                     l1213:
   626                           
   627                           ;lab03_esclavo.c: 112: INTCONbits.PEIE = 1;
   628  010B  170B               	bsf	11,6	;volatile
   629  010C                     l1215:
   630                           
   631                           ;lab03_esclavo.c: 113: PIR1bits.SSPIF = 0;
   632  010C  1283               	bcf	3,5	;RP0=0, select bank0
   633  010D  1303               	bcf	3,6	;RP1=0, select bank0
   634  010E  118C               	bcf	12,3	;volatile
   635  010F                     l1217:
   636                           
   637                           ;lab03_esclavo.c: 114: PIE1bits.SSPIE = 1;
   638  010F  1683               	bsf	3,5	;RP0=1, select bank1
   639  0110  1303               	bcf	3,6	;RP1=0, select bank1
   640  0111  158C               	bsf	12,3	;volatile
   641  0112                     l1219:
   642                           
   643                           ;lab03_esclavo.c: 115: PIE1bits.ADIE = 1;
   644  0112  170C               	bsf	12,6	;volatile
   645  0113                     l1221:
   646                           
   647                           ;lab03_esclavo.c: 116: PIR1bits.ADIF = 0;
   648  0113  1283               	bcf	3,5	;RP0=0, select bank0
   649  0114  1303               	bcf	3,6	;RP1=0, select bank0
   650  0115  130C               	bcf	12,6	;volatile
   651  0116                     l1223:
   652                           
   653                           ;lab03_esclavo.c: 117: INTCONbits.GIE = 1;
   654  0116  178B               	bsf	11,7	;volatile
   655  0117                     l1225:
   656                           
   657                           ;lab03_esclavo.c: 125:     if (ADCON0bits.GO == 0) {
   658  0117  189F               	btfsc	31,1	;volatile
   659  0118  291A               	goto	u111
   660  0119  291B               	goto	u110
   661  011A                     u111:
   662  011A  2917               	goto	l1225
   663  011B                     u110:
   664  011B                     l1227:
   665                           
   666                           ;lab03_esclavo.c: 126:         _delay((unsigned long)((50)*(8000000/4000000.0)));
   667  011B  3020               	movlw	32
   668  011C  1283               	bcf	3,5	;RP0=0, select bank0
   669  011D  1303               	bcf	3,6	;RP1=0, select bank0
   670  011E  00A4               	movwf	??_main
   671  011F                     u137:
   672  011F  0BA4               	decfsz	??_main,f
   673  0120  291F               	goto	u137
   674  0121  0000               	nop
   675  0122                     l1229:
   676                           
   677                           ;lab03_esclavo.c: 127:         ADCON0bits.GO = 1;
   678  0122  1283               	bcf	3,5	;RP0=0, select bank0
   679  0123  1303               	bcf	3,6	;RP1=0, select bank0
   680  0124  149F               	bsf	31,1	;volatile
   681  0125  2917               	goto	l1225
   682  0126  120A  118A  280E   	ljmp	start
   683  0129                     __end_of_main:
   684                           
   685                           	psect	text1
   686  016B                     __ptext1:	
   687 ;; *************** function _spiInit *****************
   688 ;; Defined at:
   689 ;;		line 12 in file "SPI.c"
   690 ;; Parameters:    Size  Location     Type
   691 ;;  sType           1    wreg     enum E1264
   692 ;;  sDataSample     1    0[BANK0 ] enum E1272
   693 ;;  sClockIdle      1    1[BANK0 ] enum E1276
   694 ;;  sTransmitEdg    1    2[BANK0 ] enum E1280
   695 ;; Auto vars:     Size  Location     Type
   696 ;;  sType           1    3[BANK0 ] enum E1264
   697 ;; Return value:  Size  Location     Type
   698 ;;                  1    wreg      void 
   699 ;; Registers used:
   700 ;;		wreg, status,2, status,0
   701 ;; Tracked objects:
   702 ;;		On entry : 0/0
   703 ;;		On exit  : 0/0
   704 ;;		Unchanged: 0/0
   705 ;; Data sizes:     COMMON   BANK0   BANK1   BANK3   BANK2
   706 ;;      Params:         0       3       0       0       0
   707 ;;      Locals:         0       1       0       0       0
   708 ;;      Temps:          0       0       0       0       0
   709 ;;      Totals:         0       4       0       0       0
   710 ;;Total ram usage:        4 bytes
   711 ;; Hardware stack levels used:    1
   712 ;; Hardware stack levels required when called:    3
   713 ;; This function calls:
   714 ;;		Nothing
   715 ;; This function is called by:
   716 ;;		_main
   717 ;; This function uses a non-reentrant model
   718 ;;
   719                           
   720                           
   721                           ;psect for function _spiInit
   722  016B                     _spiInit:
   723                           
   724                           ;incstack = 0
   725                           ; Regs used in _spiInit: [wreg+status,2+status,0]
   726                           ;spiInit@sType stored from wreg
   727  016B  1283               	bcf	3,5	;RP0=0, select bank0
   728  016C  1303               	bcf	3,6	;RP1=0, select bank0
   729  016D  00A3               	movwf	spiInit@sType
   730  016E                     l1185:
   731                           
   732                           ;SPI.c: 12: void spiInit(Spi_Type sType, Spi_Data_Sample sDataSample, Spi_Clock_Idle sCl
      +                          ockIdle, Spi_Transmit_Edge sTransmitEdge);SPI.c: 13: {;SPI.c: 14:     TRISC5 = 0;
   733  016E  1683               	bsf	3,5	;RP0=1, select bank1
   734  016F  1303               	bcf	3,6	;RP1=0, select bank1
   735  0170  1287               	bcf	7,5	;volatile
   736                           
   737                           ;SPI.c: 15:     if(sType & 0b00000100)
   738  0171  1283               	bcf	3,5	;RP0=0, select bank0
   739  0172  1303               	bcf	3,6	;RP1=0, select bank0
   740  0173  1D23               	btfss	spiInit@sType,2
   741  0174  2976               	goto	u101
   742  0175  2977               	goto	u100
   743  0176                     u101:
   744  0176  297D               	goto	l1191
   745  0177                     u100:
   746  0177                     l1187:
   747                           
   748                           ;SPI.c: 16:     {;SPI.c: 17:         SSPSTAT = sTransmitEdge;
   749  0177  0822               	movf	spiInit@sTransmitEdge,w
   750  0178  1683               	bsf	3,5	;RP0=1, select bank1
   751  0179  1303               	bcf	3,6	;RP1=0, select bank1
   752  017A  0094               	movwf	20	;volatile
   753  017B                     l1189:
   754                           
   755                           ;SPI.c: 18:         TRISC3 = 1;
   756  017B  1587               	bsf	7,3	;volatile
   757                           
   758                           ;SPI.c: 19:     }
   759  017C  2983               	goto	l121
   760  017D                     l1191:
   761                           
   762                           ;SPI.c: 21:     {;SPI.c: 22:         SSPSTAT = sDataSample | sTransmitEdge;
   763  017D  0820               	movf	spiInit@sDataSample,w
   764  017E  0422               	iorwf	spiInit@sTransmitEdge,w
   765  017F  1683               	bsf	3,5	;RP0=1, select bank1
   766  0180  1303               	bcf	3,6	;RP1=0, select bank1
   767  0181  0094               	movwf	20	;volatile
   768  0182                     l1193:
   769                           
   770                           ;SPI.c: 23:         TRISC3 = 0;
   771  0182  1187               	bcf	7,3	;volatile
   772  0183                     l121:	
   773                           ;SPI.c: 24:     }
   774                           
   775                           
   776                           ;SPI.c: 26:     SSPCON = sType | sClockIdle;
   777  0183  1283               	bcf	3,5	;RP0=0, select bank0
   778  0184  1303               	bcf	3,6	;RP1=0, select bank0
   779  0185  0823               	movf	spiInit@sType,w
   780  0186  0421               	iorwf	spiInit@sClockIdle,w
   781  0187  0094               	movwf	20	;volatile
   782  0188                     l122:
   783  0188  0008               	return
   784  0189                     __end_of_spiInit:
   785                           
   786                           	psect	text2
   787  0077                     __ptext2:	
   788 ;; *************** function _conf_OSCCON *****************
   789 ;; Defined at:
   790 ;;		line 16 in file "libreria.c"
   791 ;; Parameters:    Size  Location     Type
   792 ;;  frecuencia      1    wreg     unsigned char 
   793 ;; Auto vars:     Size  Location     Type
   794 ;;  frecuencia      1    2[BANK0 ] unsigned char 
   795 ;; Return value:  Size  Location     Type
   796 ;;                  1    wreg      void 
   797 ;; Registers used:
   798 ;;		wreg, fsr0l, fsr0h, status,2, status,0
   799 ;; Tracked objects:
   800 ;;		On entry : 0/0
   801 ;;		On exit  : 0/0
   802 ;;		Unchanged: 0/0
   803 ;; Data sizes:     COMMON   BANK0   BANK1   BANK3   BANK2
   804 ;;      Params:         0       0       0       0       0
   805 ;;      Locals:         0       1       0       0       0
   806 ;;      Temps:          0       2       0       0       0
   807 ;;      Totals:         0       3       0       0       0
   808 ;;Total ram usage:        3 bytes
   809 ;; Hardware stack levels used:    1
   810 ;; Hardware stack levels required when called:    3
   811 ;; This function calls:
   812 ;;		Nothing
   813 ;; This function is called by:
   814 ;;		_main
   815 ;; This function uses a non-reentrant model
   816 ;;
   817                           
   818                           
   819                           ;psect for function _conf_OSCCON
   820  0077                     _conf_OSCCON:
   821                           
   822                           ;incstack = 0
   823                           ; Regs used in _conf_OSCCON: [wreg-fsr0h+status,2+status,0]
   824                           ;conf_OSCCON@frecuencia stored from wreg
   825  0077  1283               	bcf	3,5	;RP0=0, select bank0
   826  0078  1303               	bcf	3,6	;RP1=0, select bank0
   827  0079  00A2               	movwf	conf_OSCCON@frecuencia
   828  007A                     l1121:
   829                           
   830                           ;libreria.c: 18:     switch (frecuencia) {
   831  007A  28AF               	goto	l1141
   832  007B                     l1123:
   833                           
   834                           ;libreria.c: 20:             OSCCONbits.IRCF = 0b000;
   835  007B  308F               	movlw	-113
   836  007C  1683               	bsf	3,5	;RP0=1, select bank1
   837  007D  1303               	bcf	3,6	;RP1=0, select bank1
   838  007E  058F               	andwf	15,f	;volatile
   839                           
   840                           ;libreria.c: 21:             break;
   841  007F  28D1               	goto	l15
   842  0080                     l1125:
   843                           
   844                           ;libreria.c: 23:             OSCCONbits.IRCF = 0b001;
   845  0080  1683               	bsf	3,5	;RP0=1, select bank1
   846  0081  1303               	bcf	3,6	;RP1=0, select bank1
   847  0082  080F               	movf	15,w	;volatile
   848  0083  398F               	andlw	-113
   849  0084  3810               	iorlw	16
   850  0085  008F               	movwf	15	;volatile
   851                           
   852                           ;libreria.c: 24:             break;
   853  0086  28D1               	goto	l15
   854  0087                     l1127:
   855                           
   856                           ;libreria.c: 26:             OSCCONbits.IRCF = 0b010;
   857  0087  1683               	bsf	3,5	;RP0=1, select bank1
   858  0088  1303               	bcf	3,6	;RP1=0, select bank1
   859  0089  080F               	movf	15,w	;volatile
   860  008A  398F               	andlw	-113
   861  008B  3820               	iorlw	32
   862  008C  008F               	movwf	15	;volatile
   863                           
   864                           ;libreria.c: 27:             break;
   865  008D  28D1               	goto	l15
   866  008E                     l1129:
   867                           
   868                           ;libreria.c: 29:             OSCCONbits.IRCF = 0b011;
   869  008E  1683               	bsf	3,5	;RP0=1, select bank1
   870  008F  1303               	bcf	3,6	;RP1=0, select bank1
   871  0090  080F               	movf	15,w	;volatile
   872  0091  398F               	andlw	-113
   873  0092  3830               	iorlw	48
   874  0093  008F               	movwf	15	;volatile
   875                           
   876                           ;libreria.c: 30:             break;
   877  0094  28D1               	goto	l15
   878  0095                     l1131:
   879                           
   880                           ;libreria.c: 32:             OSCCONbits.IRCF = 0b100;
   881  0095  1683               	bsf	3,5	;RP0=1, select bank1
   882  0096  1303               	bcf	3,6	;RP1=0, select bank1
   883  0097  080F               	movf	15,w	;volatile
   884  0098  398F               	andlw	-113
   885  0099  3840               	iorlw	64
   886  009A  008F               	movwf	15	;volatile
   887                           
   888                           ;libreria.c: 33:             break;
   889  009B  28D1               	goto	l15
   890  009C                     l1133:
   891                           
   892                           ;libreria.c: 35:             OSCCONbits.IRCF = 0b101;
   893  009C  1683               	bsf	3,5	;RP0=1, select bank1
   894  009D  1303               	bcf	3,6	;RP1=0, select bank1
   895  009E  080F               	movf	15,w	;volatile
   896  009F  398F               	andlw	-113
   897  00A0  3850               	iorlw	80
   898  00A1  008F               	movwf	15	;volatile
   899                           
   900                           ;libreria.c: 36:             break;
   901  00A2  28D1               	goto	l15
   902  00A3                     l1135:
   903                           
   904                           ;libreria.c: 38:             OSCCONbits.IRCF = 0b110;
   905  00A3  1683               	bsf	3,5	;RP0=1, select bank1
   906  00A4  1303               	bcf	3,6	;RP1=0, select bank1
   907  00A5  080F               	movf	15,w	;volatile
   908  00A6  398F               	andlw	-113
   909  00A7  3860               	iorlw	96
   910  00A8  008F               	movwf	15	;volatile
   911                           
   912                           ;libreria.c: 39:             break;
   913  00A9  28D1               	goto	l15
   914  00AA                     l1137:
   915                           
   916                           ;libreria.c: 41:             OSCCONbits.IRCF = 0b111;
   917  00AA  3070               	movlw	112
   918  00AB  1683               	bsf	3,5	;RP0=1, select bank1
   919  00AC  1303               	bcf	3,6	;RP1=0, select bank1
   920  00AD  048F               	iorwf	15,f	;volatile
   921                           
   922                           ;libreria.c: 42:             break;
   923  00AE  28D1               	goto	l15
   924  00AF                     l1141:
   925  00AF  0822               	movf	conf_OSCCON@frecuencia,w
   926  00B0  00A0               	movwf	??_conf_OSCCON
   927  00B1  01A1               	clrf	??_conf_OSCCON+1
   928                           
   929                           ; Switch on 2 bytes has been partitioned into a top level switch of size 1, and 1 sub-sw
      +                          itches
   930                           ; Switch size 1, requested type "simple"
   931                           ; Number of cases is 1, Range of values is 0 to 0
   932                           ; switch strategies available:
   933                           ; Name         Instructions Cycles
   934                           ; simple_byte            4     3 (average)
   935                           ; direct_byte           11     8 (fixed)
   936                           ; jumptable            260     6 (fixed)
   937                           ;	Chosen strategy is simple_byte
   938  00B2  0821               	movf	??_conf_OSCCON+1,w
   939  00B3  3A00               	xorlw	0	; case 0
   940  00B4  1903               	skipnz
   941  00B5  28B7               	goto	l1311
   942  00B6  28D1               	goto	l15
   943  00B7                     l1311:
   944                           
   945                           ; Switch size 1, requested type "simple"
   946                           ; Number of cases is 8, Range of values is 1 to 8
   947                           ; switch strategies available:
   948                           ; Name         Instructions Cycles
   949                           ; simple_byte           25    13 (average)
   950                           ; direct_byte           35    11 (fixed)
   951                           ; jumptable            263     9 (fixed)
   952                           ;	Chosen strategy is simple_byte
   953  00B7  0820               	movf	??_conf_OSCCON,w
   954  00B8  3A01               	xorlw	1	; case 1
   955  00B9  1903               	skipnz
   956  00BA  287B               	goto	l1123
   957  00BB  3A03               	xorlw	3	; case 2
   958  00BC  1903               	skipnz
   959  00BD  2880               	goto	l1125
   960  00BE  3A01               	xorlw	1	; case 3
   961  00BF  1903               	skipnz
   962  00C0  2887               	goto	l1127
   963  00C1  3A07               	xorlw	7	; case 4
   964  00C2  1903               	skipnz
   965  00C3  288E               	goto	l1129
   966  00C4  3A01               	xorlw	1	; case 5
   967  00C5  1903               	skipnz
   968  00C6  2895               	goto	l1131
   969  00C7  3A03               	xorlw	3	; case 6
   970  00C8  1903               	skipnz
   971  00C9  289C               	goto	l1133
   972  00CA  3A01               	xorlw	1	; case 7
   973  00CB  1903               	skipnz
   974  00CC  28A3               	goto	l1135
   975  00CD  3A0F               	xorlw	15	; case 8
   976  00CE  1903               	skipnz
   977  00CF  28AA               	goto	l1137
   978  00D0  28D1               	goto	l15
   979  00D1                     l15:
   980                           
   981                           ;libreria.c: 44:     OSCCONbits.SCS = 1;
   982  00D1  1683               	bsf	3,5	;RP0=1, select bank1
   983  00D2  1303               	bcf	3,6	;RP1=0, select bank1
   984  00D3  140F               	bsf	15,0	;volatile
   985  00D4                     l23:	
   986                           ;libreria.c: 45:     return;
   987                           
   988  00D4  0008               	return
   989  00D5                     __end_of_conf_OSCCON:
   990                           
   991                           	psect	text3
   992  0129                     __ptext3:	
   993 ;; *************** function _conf_ADC *****************
   994 ;; Defined at:
   995 ;;		line 51 in file "libreria.c"
   996 ;; Parameters:    Size  Location     Type
   997 ;;  canal           1    wreg     unsigned char 
   998 ;;  frec_reloj      1    0[BANK0 ] unsigned char 
   999 ;; Auto vars:     Size  Location     Type
  1000 ;;  canal           1    3[BANK0 ] unsigned char 
  1001 ;; Return value:  Size  Location     Type
  1002 ;;                  1    wreg      void 
  1003 ;; Registers used:
  1004 ;;		wreg, fsr0l, fsr0h, status,2, status,0
  1005 ;; Tracked objects:
  1006 ;;		On entry : 0/0
  1007 ;;		On exit  : 0/0
  1008 ;;		Unchanged: 0/0
  1009 ;; Data sizes:     COMMON   BANK0   BANK1   BANK3   BANK2
  1010 ;;      Params:         0       1       0       0       0
  1011 ;;      Locals:         0       1       0       0       0
  1012 ;;      Temps:          0       2       0       0       0
  1013 ;;      Totals:         0       4       0       0       0
  1014 ;;Total ram usage:        4 bytes
  1015 ;; Hardware stack levels used:    1
  1016 ;; Hardware stack levels required when called:    3
  1017 ;; This function calls:
  1018 ;;		Nothing
  1019 ;; This function is called by:
  1020 ;;		_main
  1021 ;; This function uses a non-reentrant model
  1022 ;;
  1023                           
  1024                           
  1025                           ;psect for function _conf_ADC
  1026  0129                     _conf_ADC:
  1027                           
  1028                           ;incstack = 0
  1029                           ; Regs used in _conf_ADC: [wreg-fsr0h+status,2+status,0]
  1030                           ;conf_ADC@canal stored from wreg
  1031  0129  1283               	bcf	3,5	;RP0=0, select bank0
  1032  012A  1303               	bcf	3,6	;RP1=0, select bank0
  1033  012B  00A3               	movwf	conf_ADC@canal
  1034  012C                     l1149:
  1035                           
  1036                           ;libreria.c: 53:     switch (frec_reloj) {
  1037  012C  293F               	goto	l1161
  1038  012D                     l1151:
  1039                           
  1040                           ;libreria.c: 55:             ADCON0bits.ADCS = 0b00;
  1041  012D  303F               	movlw	-193
  1042  012E  059F               	andwf	31,f	;volatile
  1043                           
  1044                           ;libreria.c: 56:             break;
  1045  012F  2955               	goto	l1163
  1046  0130                     l1153:
  1047                           
  1048                           ;libreria.c: 58:             ADCON0bits.ADCS = 0b01;
  1049  0130  081F               	movf	31,w	;volatile
  1050  0131  393F               	andlw	-193
  1051  0132  3840               	iorlw	64
  1052  0133  009F               	movwf	31	;volatile
  1053                           
  1054                           ;libreria.c: 59:             break;
  1055  0134  2955               	goto	l1163
  1056  0135                     l1155:
  1057                           
  1058                           ;libreria.c: 61:             ADCON0bits.ADCS = 0b10;
  1059  0135  081F               	movf	31,w	;volatile
  1060  0136  393F               	andlw	-193
  1061  0137  3880               	iorlw	128
  1062  0138  009F               	movwf	31	;volatile
  1063                           
  1064                           ;libreria.c: 62:             break;
  1065  0139  2955               	goto	l1163
  1066  013A                     l1157:
  1067                           
  1068                           ;libreria.c: 64:             ADCON0bits.ADCS = 0b10;
  1069  013A  081F               	movf	31,w	;volatile
  1070  013B  393F               	andlw	-193
  1071  013C  3880               	iorlw	128
  1072  013D  009F               	movwf	31	;volatile
  1073                           
  1074                           ;libreria.c: 65:             break;
  1075  013E  2955               	goto	l1163
  1076  013F                     l1161:
  1077  013F  0820               	movf	conf_ADC@frec_reloj,w
  1078  0140  00A1               	movwf	??_conf_ADC
  1079  0141  01A2               	clrf	??_conf_ADC+1
  1080                           
  1081                           ; Switch on 2 bytes has been partitioned into a top level switch of size 1, and 1 sub-sw
      +                          itches
  1082                           ; Switch size 1, requested type "simple"
  1083                           ; Number of cases is 1, Range of values is 0 to 0
  1084                           ; switch strategies available:
  1085                           ; Name         Instructions Cycles
  1086                           ; simple_byte            4     3 (average)
  1087                           ; direct_byte           11     8 (fixed)
  1088                           ; jumptable            260     6 (fixed)
  1089                           ;	Chosen strategy is simple_byte
  1090  0142  0822               	movf	??_conf_ADC+1,w
  1091  0143  3A00               	xorlw	0	; case 0
  1092  0144  1903               	skipnz
  1093  0145  2947               	goto	l1313
  1094  0146  2955               	goto	l1163
  1095  0147                     l1313:
  1096                           
  1097                           ; Switch size 1, requested type "simple"
  1098                           ; Number of cases is 4, Range of values is 1 to 4
  1099                           ; switch strategies available:
  1100                           ; Name         Instructions Cycles
  1101                           ; simple_byte           13     7 (average)
  1102                           ; direct_byte           23    11 (fixed)
  1103                           ; jumptable            263     9 (fixed)
  1104                           ;	Chosen strategy is simple_byte
  1105  0147  0821               	movf	??_conf_ADC,w
  1106  0148  3A01               	xorlw	1	; case 1
  1107  0149  1903               	skipnz
  1108  014A  292D               	goto	l1151
  1109  014B  3A03               	xorlw	3	; case 2
  1110  014C  1903               	skipnz
  1111  014D  2930               	goto	l1153
  1112  014E  3A01               	xorlw	1	; case 3
  1113  014F  1903               	skipnz
  1114  0150  2935               	goto	l1155
  1115  0151  3A07               	xorlw	7	; case 4
  1116  0152  1903               	skipnz
  1117  0153  293A               	goto	l1157
  1118  0154  2955               	goto	l1163
  1119  0155                     l1163:
  1120                           
  1121                           ;libreria.c: 67:     ADCON0bits.CHS = canal;
  1122  0155  0823               	movf	conf_ADC@canal,w
  1123  0156  00A1               	movwf	??_conf_ADC
  1124  0157  0DA1               	rlf	??_conf_ADC,f
  1125  0158  0DA1               	rlf	??_conf_ADC,f
  1126  0159  081F               	movf	31,w	;volatile
  1127  015A  0621               	xorwf	??_conf_ADC,w
  1128  015B  39C3               	andlw	-61
  1129  015C  0621               	xorwf	??_conf_ADC,w
  1130  015D  009F               	movwf	31	;volatile
  1131  015E                     l1165:
  1132                           
  1133                           ;libreria.c: 68:     ADCON0bits.ADON = 1;
  1134  015E  141F               	bsf	31,0	;volatile
  1135  015F                     l1167:
  1136                           
  1137                           ;libreria.c: 70:     ADCON1bits.ADFM = 0;
  1138  015F  1683               	bsf	3,5	;RP0=1, select bank1
  1139  0160  1303               	bcf	3,6	;RP1=0, select bank1
  1140  0161  139F               	bcf	31,7	;volatile
  1141  0162                     l1169:
  1142                           
  1143                           ;libreria.c: 71:     ADCON1bits.VCFG1 = 0;
  1144  0162  129F               	bcf	31,5	;volatile
  1145  0163                     l1171:
  1146                           
  1147                           ;libreria.c: 72:     ADCON1bits.VCFG0 = 0;
  1148  0163  121F               	bcf	31,4	;volatile
  1149  0164                     l1173:
  1150                           
  1151                           ;libreria.c: 74:     ADRESH = 0x00;
  1152  0164  1283               	bcf	3,5	;RP0=0, select bank0
  1153  0165  1303               	bcf	3,6	;RP1=0, select bank0
  1154  0166  019E               	clrf	30	;volatile
  1155  0167                     l1175:
  1156                           
  1157                           ;libreria.c: 75:     ADRESL = 0x00;
  1158  0167  1683               	bsf	3,5	;RP0=1, select bank1
  1159  0168  1303               	bcf	3,6	;RP1=0, select bank1
  1160  0169  019E               	clrf	30	;volatile
  1161  016A                     l32:
  1162  016A  0008               	return
  1163  016B                     __end_of_conf_ADC:
  1164                           
  1165                           	psect	text4
  1166  0018                     __ptext4:	
  1167 ;; *************** function _isr *****************
  1168 ;; Defined at:
  1169 ;;		line 45 in file "lab03_esclavo.c"
  1170 ;; Parameters:    Size  Location     Type
  1171 ;;		None
  1172 ;; Auto vars:     Size  Location     Type
  1173 ;;		None
  1174 ;; Return value:  Size  Location     Type
  1175 ;;                  1    wreg      void 
  1176 ;; Registers used:
  1177 ;;		wreg, fsr0l, fsr0h, status,2, status,0, pclath, cstack
  1178 ;; Tracked objects:
  1179 ;;		On entry : 0/0
  1180 ;;		On exit  : 0/0
  1181 ;;		Unchanged: 0/0
  1182 ;; Data sizes:     COMMON   BANK0   BANK1   BANK3   BANK2
  1183 ;;      Params:         0       0       0       0       0
  1184 ;;      Locals:         0       0       0       0       0
  1185 ;;      Temps:          5       0       0       0       0
  1186 ;;      Totals:         5       0       0       0       0
  1187 ;;Total ram usage:        5 bytes
  1188 ;; Hardware stack levels used:    1
  1189 ;; Hardware stack levels required when called:    2
  1190 ;; This function calls:
  1191 ;;		_spiRead
  1192 ;;		_spiWrite
  1193 ;; This function is called by:
  1194 ;;		Interrupt level 1
  1195 ;; This function uses a non-reentrant model
  1196 ;;
  1197                           
  1198                           
  1199                           ;psect for function _isr
  1200  0018                     _isr:
  1201  0018                     i1l811:
  1202                           
  1203                           ;lab03_esclavo.c: 48:     if (ADIF == 1) {
  1204  0018  1283               	bcf	3,5	;RP0=0, select bank0
  1205  0019  1303               	bcf	3,6	;RP1=0, select bank0
  1206  001A  1F0C               	btfss	12,6	;volatile
  1207  001B  281D               	goto	u3_21
  1208  001C  281E               	goto	u3_20
  1209  001D                     u3_21:
  1210  001D  2840               	goto	i1l827
  1211  001E                     u3_20:
  1212  001E                     i1l813:
  1213                           
  1214                           ;lab03_esclavo.c: 49:         if (ADCON0bits.CHS == 0){
  1215  001E  0C1F               	rrf	31,w	;volatile
  1216  001F  00F1               	movwf	??_isr
  1217  0020  0C71               	rrf	??_isr,w
  1218  0021  390F               	andlw	15
  1219  0022  3A00               	xorlw	0
  1220  0023  1D03               	skipz
  1221  0024  2826               	goto	u4_21
  1222  0025  2827               	goto	u4_20
  1223  0026                     u4_21:
  1224  0026  2830               	goto	i1l819
  1225  0027                     u4_20:
  1226  0027                     i1l815:
  1227                           
  1228                           ;lab03_esclavo.c: 50:             conversion1 = ADRESH;
  1229  0027  081E               	movf	30,w	;volatile
  1230  0028  00F1               	movwf	??_isr
  1231  0029  0871               	movf	??_isr,w
  1232  002A  00F8               	movwf	_conversion1
  1233  002B                     i1l817:
  1234                           
  1235                           ;lab03_esclavo.c: 51:             ADCON0bits.CHS = 1;
  1236  002B  081F               	movf	31,w	;volatile
  1237  002C  39C3               	andlw	-61
  1238  002D  3804               	iorlw	4
  1239  002E  009F               	movwf	31	;volatile
  1240                           
  1241                           ;lab03_esclavo.c: 52:         }
  1242  002F  283F               	goto	i1l825
  1243  0030                     i1l819:
  1244  0030  0C1F               	rrf	31,w	;volatile
  1245  0031  00F1               	movwf	??_isr
  1246  0032  0C71               	rrf	??_isr,w
  1247  0033  390F               	andlw	15
  1248  0034  3A01               	xorlw	1
  1249  0035  1D03               	skipz
  1250  0036  2838               	goto	u5_21
  1251  0037  2839               	goto	u5_20
  1252  0038                     u5_21:
  1253  0038  283F               	goto	i1l825
  1254  0039                     u5_20:
  1255  0039                     i1l821:
  1256                           
  1257                           ;lab03_esclavo.c: 54:             conversion2 = ADRESH;
  1258  0039  081E               	movf	30,w	;volatile
  1259  003A  00F1               	movwf	??_isr
  1260  003B  0871               	movf	??_isr,w
  1261  003C  00F7               	movwf	_conversion2
  1262  003D                     i1l823:
  1263                           
  1264                           ;lab03_esclavo.c: 55:             ADCON0bits.CHS = 0;
  1265  003D  30C3               	movlw	-61
  1266  003E  059F               	andwf	31,f	;volatile
  1267  003F                     i1l825:
  1268                           
  1269                           ;lab03_esclavo.c: 57:         PIR1bits.ADIF = 0;
  1270  003F  130C               	bcf	12,6	;volatile
  1271  0040                     i1l827:
  1272                           
  1273                           ;lab03_esclavo.c: 60:     if(SSPIF == 1){
  1274  0040  1D8C               	btfss	12,3	;volatile
  1275  0041  2843               	goto	u6_21
  1276  0042  2844               	goto	u6_20
  1277  0043                     u6_21:
  1278  0043  286E               	goto	i1l96
  1279  0044                     u6_20:
  1280  0044                     i1l829:
  1281                           
  1282                           ;lab03_esclavo.c: 61:         canal = spiRead();
  1283  0044  120A  118A  2189  120A  118A  	fcall	_spiRead
  1284  0049  00F1               	movwf	??_isr
  1285  004A  0871               	movf	??_isr,w
  1286  004B  00F6               	movwf	_canal
  1287                           
  1288                           ;lab03_esclavo.c: 62:         switch (canal) {
  1289  004C  285B               	goto	i1l835
  1290  004D                     i1l831:
  1291                           
  1292                           ;lab03_esclavo.c: 64:                 spiWrite(conversion1);
  1293  004D  0878               	movf	_conversion1,w
  1294  004E  120A  118A  2199  120A  118A  	fcall	_spiWrite
  1295                           
  1296                           ;lab03_esclavo.c: 65:                 break;
  1297  0053  286B               	goto	i1l94
  1298  0054                     i1l833:
  1299                           
  1300                           ;lab03_esclavo.c: 67:                 spiWrite(conversion2);
  1301  0054  0877               	movf	_conversion2,w
  1302  0055  120A  118A  2199  120A  118A  	fcall	_spiWrite
  1303                           
  1304                           ;lab03_esclavo.c: 68:         }
  1305  005A  286B               	goto	i1l94
  1306  005B                     i1l835:
  1307  005B  0876               	movf	_canal,w
  1308  005C  00F1               	movwf	??_isr
  1309  005D  01F2               	clrf	??_isr+1
  1310                           
  1311                           ; Switch on 2 bytes has been partitioned into a top level switch of size 1, and 1 sub-sw
      +                          itches
  1312                           ; Switch size 1, requested type "simple"
  1313                           ; Number of cases is 1, Range of values is 0 to 0
  1314                           ; switch strategies available:
  1315                           ; Name         Instructions Cycles
  1316                           ; simple_byte            4     3 (average)
  1317                           ; direct_byte           11     8 (fixed)
  1318                           ; jumptable            260     6 (fixed)
  1319                           ;	Chosen strategy is simple_byte
  1320  005E  0872               	movf	??_isr+1,w
  1321  005F  3A00               	xorlw	0	; case 0
  1322  0060  1903               	skipnz
  1323  0061  2863               	goto	i1l1315
  1324  0062  286B               	goto	i1l94
  1325  0063                     i1l1315:
  1326                           
  1327                           ; Switch size 1, requested type "simple"
  1328                           ; Number of cases is 2, Range of values is 0 to 1
  1329                           ; switch strategies available:
  1330                           ; Name         Instructions Cycles
  1331                           ; simple_byte            7     4 (average)
  1332                           ; direct_byte           14     8 (fixed)
  1333                           ; jumptable            260     6 (fixed)
  1334                           ;	Chosen strategy is simple_byte
  1335  0063  0871               	movf	??_isr,w
  1336  0064  3A00               	xorlw	0	; case 0
  1337  0065  1903               	skipnz
  1338  0066  284D               	goto	i1l831
  1339  0067  3A01               	xorlw	1	; case 1
  1340  0068  1903               	skipnz
  1341  0069  2854               	goto	i1l833
  1342  006A  286B               	goto	i1l94
  1343  006B                     i1l94:
  1344                           
  1345                           ;lab03_esclavo.c: 69:         SSPIF = 0;
  1346  006B  1283               	bcf	3,5	;RP0=0, select bank0
  1347  006C  1303               	bcf	3,6	;RP1=0, select bank0
  1348  006D  118C               	bcf	12,3	;volatile
  1349  006E                     i1l96:
  1350  006E  0875               	movf	??_isr+4,w
  1351  006F  008A               	movwf	10
  1352  0070  0874               	movf	??_isr+3,w
  1353  0071  0084               	movwf	4
  1354  0072  0E73               	swapf	??_isr+2,w
  1355  0073  0083               	movwf	3
  1356  0074  0EFE               	swapf	btemp,f
  1357  0075  0E7E               	swapf	btemp,w
  1358  0076  0009               	retfie
  1359  0077                     __end_of_isr:
  1360                           
  1361                           	psect	intentry
  1362  0004                     __pintentry:	
  1363                           ;incstack = 0
  1364                           ; Regs used in _isr: [wreg-fsr0h+status,2+status,0+pclath+cstack]
  1365                           
  1366  0004                     interrupt_function:
  1367  007E                     saved_w	set	btemp
  1368  0004  00FE               	movwf	btemp
  1369  0005  0E03               	swapf	3,w
  1370  0006  00F3               	movwf	??_isr+2
  1371  0007  0804               	movf	4,w
  1372  0008  00F4               	movwf	??_isr+3
  1373  0009  080A               	movf	10,w
  1374  000A  00F5               	movwf	??_isr+4
  1375  000B  120A  118A  2818   	ljmp	_isr
  1376                           
  1377                           	psect	text5
  1378  0199                     __ptext5:	
  1379 ;; *************** function _spiWrite *****************
  1380 ;; Defined at:
  1381 ;;		line 34 in file "SPI.c"
  1382 ;; Parameters:    Size  Location     Type
  1383 ;;  dat             1    wreg     unsigned char 
  1384 ;; Auto vars:     Size  Location     Type
  1385 ;;  dat             1    0[COMMON] unsigned char 
  1386 ;; Return value:  Size  Location     Type
  1387 ;;                  1    wreg      void 
  1388 ;; Registers used:
  1389 ;;		wreg
  1390 ;; Tracked objects:
  1391 ;;		On entry : 0/0
  1392 ;;		On exit  : 0/0
  1393 ;;		Unchanged: 0/0
  1394 ;; Data sizes:     COMMON   BANK0   BANK1   BANK3   BANK2
  1395 ;;      Params:         0       0       0       0       0
  1396 ;;      Locals:         1       0       0       0       0
  1397 ;;      Temps:          0       0       0       0       0
  1398 ;;      Totals:         1       0       0       0       0
  1399 ;;Total ram usage:        1 bytes
  1400 ;; Hardware stack levels used:    1
  1401 ;; This function calls:
  1402 ;;		Nothing
  1403 ;; This function is called by:
  1404 ;;		_isr
  1405 ;; This function uses a non-reentrant model
  1406 ;;
  1407                           
  1408                           
  1409                           ;psect for function _spiWrite
  1410  0199                     _spiWrite:
  1411                           
  1412                           ;incstack = 0
  1413                           ; Regs used in _spiWrite: [wreg]
  1414                           ;spiWrite@dat stored from wreg
  1415  0199  00F0               	movwf	spiWrite@dat
  1416  019A                     i1l799:
  1417                           
  1418                           ;SPI.c: 34: void spiWrite(char dat);SPI.c: 35: {;SPI.c: 36:     SSPBUF = dat;
  1419  019A  0870               	movf	spiWrite@dat,w
  1420  019B  1283               	bcf	3,5	;RP0=0, select bank0
  1421  019C  1303               	bcf	3,6	;RP1=0, select bank0
  1422  019D  0093               	movwf	19	;volatile
  1423  019E                     i1l131:
  1424  019E  0008               	return
  1425  019F                     __end_of_spiWrite:
  1426                           
  1427                           	psect	text6
  1428  0189                     __ptext6:	
  1429 ;; *************** function _spiRead *****************
  1430 ;; Defined at:
  1431 ;;		line 47 in file "SPI.c"
  1432 ;; Parameters:    Size  Location     Type
  1433 ;;		None
  1434 ;; Auto vars:     Size  Location     Type
  1435 ;;		None
  1436 ;; Return value:  Size  Location     Type
  1437 ;;                  1    wreg      unsigned char 
  1438 ;; Registers used:
  1439 ;;		wreg, status,2, status,0, pclath, cstack
  1440 ;; Tracked objects:
  1441 ;;		On entry : 0/0
  1442 ;;		On exit  : 0/0
  1443 ;;		Unchanged: 0/0
  1444 ;; Data sizes:     COMMON   BANK0   BANK1   BANK3   BANK2
  1445 ;;      Params:         0       0       0       0       0
  1446 ;;      Locals:         0       0       0       0       0
  1447 ;;      Temps:          0       0       0       0       0
  1448 ;;      Totals:         0       0       0       0       0
  1449 ;;Total ram usage:        0 bytes
  1450 ;; Hardware stack levels used:    1
  1451 ;; Hardware stack levels required when called:    1
  1452 ;; This function calls:
  1453 ;;		_spiReceiveWait
  1454 ;; This function is called by:
  1455 ;;		_isr
  1456 ;; This function uses a non-reentrant model
  1457 ;;
  1458                           
  1459                           
  1460                           ;psect for function _spiRead
  1461  0189                     _spiRead:
  1462  0189                     i1l793:	
  1463                           ;incstack = 0
  1464                           ; Regs used in _spiRead: [wreg+status,2+status,0+pclath+cstack]
  1465                           
  1466                           
  1467                           ;SPI.c: 49:     spiReceiveWait();
  1468  0189  120A  118A  2192  120A  118A  	fcall	_spiReceiveWait
  1469  018E                     i1l795:
  1470                           
  1471                           ;SPI.c: 50:     return(SSPBUF);
  1472  018E  1283               	bcf	3,5	;RP0=0, select bank0
  1473  018F  1303               	bcf	3,6	;RP1=0, select bank0
  1474  0190  0813               	movf	19,w	;volatile
  1475  0191                     i1l139:
  1476  0191  0008               	return
  1477  0192                     __end_of_spiRead:
  1478                           
  1479                           	psect	text7
  1480  0192                     __ptext7:	
  1481 ;; *************** function _spiReceiveWait *****************
  1482 ;; Defined at:
  1483 ;;		line 29 in file "SPI.c"
  1484 ;; Parameters:    Size  Location     Type
  1485 ;;		None
  1486 ;; Auto vars:     Size  Location     Type
  1487 ;;		None
  1488 ;; Return value:  Size  Location     Type
  1489 ;;                  1    wreg      void 
  1490 ;; Registers used:
  1491 ;;		None
  1492 ;; Tracked objects:
  1493 ;;		On entry : 0/0
  1494 ;;		On exit  : 0/0
  1495 ;;		Unchanged: 0/0
  1496 ;; Data sizes:     COMMON   BANK0   BANK1   BANK3   BANK2
  1497 ;;      Params:         0       0       0       0       0
  1498 ;;      Locals:         0       0       0       0       0
  1499 ;;      Temps:          0       0       0       0       0
  1500 ;;      Totals:         0       0       0       0       0
  1501 ;;Total ram usage:        0 bytes
  1502 ;; Hardware stack levels used:    1
  1503 ;; This function calls:
  1504 ;;		Nothing
  1505 ;; This function is called by:
  1506 ;;		_spiRead
  1507 ;; This function uses a non-reentrant model
  1508 ;;
  1509                           
  1510                           
  1511                           ;psect for function _spiReceiveWait
  1512  0192                     _spiReceiveWait:
  1513  0192                     i1l731:	
  1514                           ;incstack = 0
  1515                           ; Regs used in _spiReceiveWait: []
  1516                           
  1517  0192                     i1l125:	
  1518                           ;SPI.c: 31:     while ( !SSPSTATbits.BF );
  1519                           
  1520  0192  1683               	bsf	3,5	;RP0=1, select bank1
  1521  0193  1303               	bcf	3,6	;RP1=0, select bank1
  1522  0194  1C14               	btfss	20,0	;volatile
  1523  0195  2997               	goto	u1_21
  1524  0196  2998               	goto	u1_20
  1525  0197                     u1_21:
  1526  0197  2992               	goto	i1l125
  1527  0198                     u1_20:
  1528  0198                     i1l128:
  1529  0198  0008               	return
  1530  0199                     __end_of_spiReceiveWait:
  1531  007E                     btemp	set	126	;btemp
  1532  007E                     wtemp0	set	126
  1533                           
  1534                           	psect	config
  1535                           
  1536                           ;Config register CONFIG1 @ 0x2007
  1537                           ;	Oscillator Selection bits
  1538                           ;	FOSC = INTRC_NOCLKOUT, INTOSCIO oscillator: I/O function on RA6/OSC2/CLKOUT pin, I/O f
      +                          unction on RA7/OSC1/CLKIN
  1539                           ;	Watchdog Timer Enable bit
  1540                           ;	WDTE = OFF, WDT disabled and can be enabled by SWDTEN bit of the WDTCON register
  1541                           ;	Power-up Timer Enable bit
  1542                           ;	PWRTE = OFF, PWRT disabled
  1543                           ;	RE3/MCLR pin function select bit
  1544                           ;	MCLRE = OFF, RE3/MCLR pin function is digital input, MCLR internally tied to VDD
  1545                           ;	Code Protection bit
  1546                           ;	CP = OFF, Program memory code protection is disabled
  1547                           ;	Data Code Protection bit
  1548                           ;	CPD = OFF, Data memory code protection is disabled
  1549                           ;	Brown Out Reset Selection bits
  1550                           ;	BOREN = OFF, BOR disabled
  1551                           ;	Internal External Switchover bit
  1552                           ;	IESO = OFF, Internal/External Switchover mode is disabled
  1553                           ;	Fail-Safe Clock Monitor Enabled bit
  1554                           ;	FCMEN = OFF, Fail-Safe Clock Monitor is disabled
  1555                           ;	Low Voltage Programming Enable bit
  1556                           ;	LVP = OFF, RB3 pin has digital I/O, HV on MCLR must be used for programming
  1557                           ;	In-Circuit Debugger Mode bit
  1558                           ;	DEBUG = 0x1, unprogrammed default
  1559  2007                     	org	8199
  1560  2007  20D4               	dw	8404
  1561                           
  1562                           ;Config register CONFIG2 @ 0x2008
  1563                           ;	Brown-out Reset Selection bit
  1564                           ;	BOR4V = BOR40V, Brown-out Reset set to 4.0V
  1565                           ;	Flash Program Memory Self Write Enable bits
  1566                           ;	WRT = OFF, Write protection off
  1567  2008                     	org	8200
  1568  2008  3FFF               	dw	16383

Data Sizes:
    Strings     0
    Constant    0
    Data        0
    BSS         3
    Persistent  0
    Stack       0

Auto Spaces:
    Space          Size  Autos    Used
    COMMON           14      6       9
    BANK0            80      5       5
    BANK1            80      0       0
    BANK3            96      0       0
    BANK2            96      0       0

Pointer List with Targets:

    None.

Critical Paths under _main in COMMON

    None.

Critical Paths under _isr in COMMON

    _isr->_spiWrite

Critical Paths under _main in BANK0

    _main->_conf_ADC
    _main->_spiInit

Critical Paths under _isr in BANK0

    None.

Critical Paths under _main in BANK1

    None.

Critical Paths under _isr in BANK1

    None.

Critical Paths under _main in BANK3

    None.

Critical Paths under _isr in BANK3

    None.

Critical Paths under _main in BANK2

    None.

Critical Paths under _isr in BANK2

    None.

Call Graph Tables:

 ---------------------------------------------------------------------------------
 (Depth) Function   	        Calls       Base Space   Used Autos Params    Refs
 ---------------------------------------------------------------------------------
 (0) _main                                                 1     1      0     639
                                              4 BANK0      1     1      0
                           _conf_ADC
                        _conf_OSCCON
                            _spiInit
 ---------------------------------------------------------------------------------
 (1) _spiInit                                              4     1      3     456
                                              0 BANK0      4     1      3
 ---------------------------------------------------------------------------------
 (1) _conf_OSCCON                                          3     3      0      31
                                              0 BANK0      3     3      0
 ---------------------------------------------------------------------------------
 (1) _conf_ADC                                             4     3      1     152
                                              0 BANK0      4     3      1
 ---------------------------------------------------------------------------------
 Estimated maximum stack depth 1
 ---------------------------------------------------------------------------------
 (Depth) Function   	        Calls       Base Space   Used Autos Params    Refs
 ---------------------------------------------------------------------------------
 (2) _isr                                                  5     5      0      15
                                              1 COMMON     5     5      0
                            _spiRead
                           _spiWrite
 ---------------------------------------------------------------------------------
 (3) _spiWrite                                             1     1      0      15
                                              0 COMMON     1     1      0
 ---------------------------------------------------------------------------------
 (3) _spiRead                                              0     0      0       0
                     _spiReceiveWait
 ---------------------------------------------------------------------------------
 (4) _spiReceiveWait                                       0     0      0       0
 ---------------------------------------------------------------------------------
 Estimated maximum stack depth 4
 ---------------------------------------------------------------------------------

 Call Graph Graphs:

 _main (ROOT)
   _conf_ADC
   _conf_OSCCON
   _spiInit

 _isr (ROOT)
   _spiRead
     _spiReceiveWait
   _spiWrite

 Address spaces:
Name               Size   Autos  Total    Cost      Usage
BITCOMMON            E      0       0       0        0.0%
EEDATA             100      0       0       0        0.0%
NULL                 0      0       0       0        0.0%
CODE                 0      0       0       0        0.0%
COMMON               E      6       9       1       64.3%
BITSFR0              0      0       0       1        0.0%
SFR0                 0      0       0       1        0.0%
BITSFR1              0      0       0       2        0.0%
SFR1                 0      0       0       2        0.0%
STACK                0      0       0       2        0.0%
ABS                  0      0       E       3        0.0%
BITBANK0            50      0       0       4        0.0%
BITSFR3              0      0       0       4        0.0%
SFR3                 0      0       0       4        0.0%
BANK0               50      5       5       5        6.2%
BITSFR2              0      0       0       5        0.0%
SFR2                 0      0       0       5        0.0%
BITBANK1            50      0       0       6        0.0%
BANK1               50      0       0       7        0.0%
BITBANK3            60      0       0       8        0.0%
BANK3               60      0       0       9        0.0%
BITBANK2            60      0       0      10        0.0%
BANK2               60      0       0      11        0.0%
DATA                 0      0       E      12        0.0%


Microchip Technology PIC Macro Assembler V2.31 build 20201012212115 
Symbol Table                                                                                   Mon Aug 02 20:41:38 2021

            _SSPSTATbits 0094                       l23 00D4                       l15 00D1  
                     l32 016A                      l121 0183                      l122 0188  
                    u100 0177                      u101 0176                      u110 011B  
                    u111 011A                      u127 00FC                      u137 011F  
                    _isr 0018                      fsr0 0004                     l1121 007A  
                   l1201 00DE                     l1131 0095                     l1123 007B  
                   l1211 0102                     l1203 00E6                     l1133 009C  
                   l1125 0080                     l1141 00AF                     l1221 0113  
                   l1213 010B                     l1205 00EC                     l1151 012D  
                   l1311 00B7                     l1135 00A3                     l1127 0087  
                   l1223 0116                     l1215 010C                     l1207 00F8  
                   l1313 0147                     l1153 0130                     l1161 013F  
                   l1137 00AA                     l1129 008E                     l1225 0117  
                   l1217 010F                     l1209 00FF                     l1171 0163  
                   l1155 0135                     l1163 0155                     l1227 011B  
                   l1219 0112                     l1173 0164                     l1165 015E  
                   l1157 013A                     l1149 012C                     l1229 0122  
                   l1175 0167                     l1167 015F                     l1191 017D  
                   l1169 0162                     l1193 0182                     l1185 016E  
                   l1187 0177                     l1195 00D5                     l1189 017B  
                   l1197 00D9                     l1199 00DA                     _ADIF 0066  
                   ?_isr 0070                     i1l94 006B                     i1l96 006E  
                   u1_20 0198                     u1_21 0197                     u3_20 001E  
                   u3_21 001D                     u4_20 0027                     u4_21 0026  
                   u5_20 0039                     u5_21 0038                     u6_20 0044  
                   u6_21 0043                     _main 00D5                     btemp 007E  
                   start 000E                    ??_isr 0071                    ?_main 0070  
                  _ANSEL 0188                    i1l131 019E                    i1l125 0192  
                  i1l128 0198                    i1l139 0191                    i1l731 0192  
                  i1l811 0018                    i1l821 0039                    i1l813 001E  
                  i1l831 004D                    i1l823 003D                    i1l815 0027  
                  i1l833 0054                    i1l825 003F                    i1l817 002B  
                  i1l835 005B                    i1l819 0030                    i1l827 0040  
                  i1l829 0044                    i1l793 0189                    i1l795 018E  
                  i1l799 019A                    _PORTA 0005                    _PORTB 0006  
                  _PORTC 0007                    _PORTD 0008                    _PORTE 0009  
                  _TRISA 0085                    _SSPIF 0063                    _canal 0076  
                  pclath 000A          __end_of_spiInit 0189          __end_of_spiRead 0192  
                  status 0003                    wtemp0 007E          __initialization 0011  
           __end_of_main 0129                   ??_main 0024     __size_of_conf_OSCCON 005E  
                 _ADRESH 001E                   _ADRESL 009E                   _ANSELH 0189  
                 i1l1315 0063                   _TRISC3 043B                   _TRISC5 043D  
                 _SSPCON 0014                   _SSPBUF 0013         __end_of_conf_ADC 016B  
     conf_ADC@frec_reloj 0020                   saved_w 007E         __end_of_spiWrite 019F  
              ??_spiInit 0023                ??_spiRead 0070  __end_of__initialization 0014  
         __pcstackCOMMON 0070               __pmaintext 00D5               __pintentry 0004  
__size_of_spiReceiveWait 0007                ?_conf_ADC 0020                  _SSPSTAT 0094  
              ?_spiWrite 0070                  __ptext1 016B                  __ptext2 0077  
                __ptext3 0129                  __ptext4 0018                  __ptext5 0199  
                __ptext6 0189                  __ptext7 0192             __size_of_isr 005F  
                _spiInit 016B                  _spiRead 0189               ??_conf_ADC 0021  
   end_of_initialization 0014               ??_spiWrite 0070            ??_conf_OSCCON 0020  
              _TRISEbits 0089              spiWrite@dat 0070           _spiReceiveWait 0192  
    start_initialization 0011              __end_of_isr 0077      __end_of_conf_OSCCON 00D5  
 __end_of_spiReceiveWait 0199              __pbssCOMMON 0076                ___latbits 0002  
          __pcstackBANK0 0020        __size_of_conf_ADC 0042          ?_spiReceiveWait 0070  
      __size_of_spiWrite 0006              _conf_OSCCON 0077                 ?_spiInit 0020  
               ?_spiRead 0070     spiInit@sTransmitEdge 0022        interrupt_function 0004  
               _PIE1bits 008C       spiInit@sDataSample 0020                 _PIR1bits 000C  
             _ADCON0bits 001F               _ADCON1bits 009F            conf_ADC@canal 0023  
            _conversion1 0078              _conversion2 0077                 _conf_ADC 0129  
       __size_of_spiInit 001E         __size_of_spiRead 0009            __size_of_main 0054  
               _spiWrite 0199             spiInit@sType 0023        spiInit@sClockIdle 0021  
             _INTCONbits 000B                 intlevel1 0000         ??_spiReceiveWait 0070  
             _OSCCONbits 008F             ?_conf_OSCCON 0070    conf_OSCCON@frecuencia 0022  
