

Microchip MPLAB XC8 Assembler V2.31 build 20201012212115 
                                                                                               Tue Aug 10 10:47:42 2021

Microchip MPLAB XC8 C Compiler v2.31 (Free license) build 20201012212115 Og1 
     1                           	processor	16F887
     2                           	pagewidth 120
     3                           	opt	flic
     4                           	psect	cinit,global,class=CODE,merge=1,delta=2
     5                           	psect	bssCOMMON,global,class=COMMON,space=1,delta=1,noexec
     6                           	psect	cstackCOMMON,global,class=COMMON,space=1,delta=1,noexec
     7                           	psect	cstackBANK0,global,class=BANK0,space=1,delta=1,noexec
     8                           	psect	maintext,global,class=CODE,split=1,delta=2
     9                           	psect	text1,local,class=CODE,merge=1,delta=2
    10                           	psect	text2,local,class=CODE,merge=1,delta=2
    11                           	psect	text3,local,class=CODE,merge=1,delta=2
    12                           	psect	text4,local,class=CODE,merge=1,delta=2
    13                           	psect	intentry,global,class=CODE,delta=2
    14                           	psect	config,global,abs,ovrld,class=CONFIG,space=4,delta=2,noexec
    15                           	dabs	1,0x7E,2
    16  0000                     
    17                           ; Version 2.20
    18                           ; Generated 12/02/2020 GMT
    19                           ; 
    20                           ; Copyright © 2020, Microchip Technology Inc. and its subsidiaries ("Microchip")
    21                           ; All rights reserved.
    22                           ; 
    23                           ; This software is developed by Microchip Technology Inc. and its subsidiaries ("Microch
      +                          ip").
    24                           ; 
    25                           ; Redistribution and use in source and binary forms, with or without modification, are
    26                           ; permitted provided that the following conditions are met:
    27                           ; 
    28                           ;     1. Redistributions of source code must retain the above copyright notice, this lis
      +                          t of
    29                           ;        conditions and the following disclaimer.
    30                           ; 
    31                           ;     2. Redistributions in binary form must reproduce the above copyright notice, this 
      +                          list
    32                           ;        of conditions and the following disclaimer in the documentation and/or other
    33                           ;        materials provided with the distribution.
    34                           ; 
    35                           ;     3. Microchip's name may not be used to endorse or promote products derived from th
      +                          is
    36                           ;        software without specific prior written permission.
    37                           ; 
    38                           ; THIS SOFTWARE IS PROVIDED BY MICROCHIP "AS IS" AND ANY EXPRESS OR IMPLIED WARRANTIES,
    39                           ; INCLUDING, BUT NOT LIMITED TO, THE IMPLIED WARRANTIES OF MERCHANTABILITY AND FITNESS F
      +                          OR
    40                           ; PURPOSE ARE DISCLAIMED.  IN NO EVENT SHALL MICROCHIP BE LIABLE FOR ANY DIRECT, INDIREC
      +                          T,
    41                           ; INCIDENTAL, SPECIAL, EXEMPLARY, OR CONSEQUENTIAL DAMAGES (INCLUDING BUT NOT LIMITED TO
    42                           ; PROCUREMENT OF SUBSTITUTE GOODS OR SERVICES; LOSS OF USE, DATA OR PROFITS; OR BUSINESS
    43                           ; INTERRUPTION) HOWSOEVER CAUSED AND ON ANY THEORY OF LIABILITY, WHETHER IN CONTRACT, ST
      +                          RICT
    44                           ; LIABILITY, OR TORT (INCLUDING NEGLIGENCE OR OTHERWISE) ARISING IN ANY WAY OUT OF THE U
      +                          SE OF
    45                           ; THIS SOFTWARE, EVEN IF ADVISED OF THE POSSIBILITY OF SUCH DAMAGE.
    46                           ; 
    47                           ; 
    48                           ; Code-generator required, PIC16F887 Definitions
    49                           ; 
    50                           ; SFR Addresses
    51  0000                     	;# 
    52  0001                     	;# 
    53  0002                     	;# 
    54  0003                     	;# 
    55  0004                     	;# 
    56  0005                     	;# 
    57  0006                     	;# 
    58  0007                     	;# 
    59  0008                     	;# 
    60  0009                     	;# 
    61  000A                     	;# 
    62  000B                     	;# 
    63  000C                     	;# 
    64  000D                     	;# 
    65  000E                     	;# 
    66  000E                     	;# 
    67  000F                     	;# 
    68  0010                     	;# 
    69  0011                     	;# 
    70  0012                     	;# 
    71  0013                     	;# 
    72  0014                     	;# 
    73  0015                     	;# 
    74  0015                     	;# 
    75  0016                     	;# 
    76  0017                     	;# 
    77  0018                     	;# 
    78  0019                     	;# 
    79  001A                     	;# 
    80  001B                     	;# 
    81  001B                     	;# 
    82  001C                     	;# 
    83  001D                     	;# 
    84  001E                     	;# 
    85  001F                     	;# 
    86  0081                     	;# 
    87  0085                     	;# 
    88  0086                     	;# 
    89  0087                     	;# 
    90  0088                     	;# 
    91  0089                     	;# 
    92  008C                     	;# 
    93  008D                     	;# 
    94  008E                     	;# 
    95  008F                     	;# 
    96  0090                     	;# 
    97  0091                     	;# 
    98  0092                     	;# 
    99  0093                     	;# 
   100  0093                     	;# 
   101  0093                     	;# 
   102  0094                     	;# 
   103  0095                     	;# 
   104  0096                     	;# 
   105  0097                     	;# 
   106  0098                     	;# 
   107  0099                     	;# 
   108  009A                     	;# 
   109  009B                     	;# 
   110  009C                     	;# 
   111  009D                     	;# 
   112  009E                     	;# 
   113  009F                     	;# 
   114  0105                     	;# 
   115  0107                     	;# 
   116  0108                     	;# 
   117  0109                     	;# 
   118  010C                     	;# 
   119  010C                     	;# 
   120  010D                     	;# 
   121  010E                     	;# 
   122  010F                     	;# 
   123  0185                     	;# 
   124  0187                     	;# 
   125  0188                     	;# 
   126  0189                     	;# 
   127  018C                     	;# 
   128  018D                     	;# 
   129  0000                     	;# 
   130  0001                     	;# 
   131  0002                     	;# 
   132  0003                     	;# 
   133  0004                     	;# 
   134  0005                     	;# 
   135  0006                     	;# 
   136  0007                     	;# 
   137  0008                     	;# 
   138  0009                     	;# 
   139  000A                     	;# 
   140  000B                     	;# 
   141  000C                     	;# 
   142  000D                     	;# 
   143  000E                     	;# 
   144  000E                     	;# 
   145  000F                     	;# 
   146  0010                     	;# 
   147  0011                     	;# 
   148  0012                     	;# 
   149  0013                     	;# 
   150  0014                     	;# 
   151  0015                     	;# 
   152  0015                     	;# 
   153  0016                     	;# 
   154  0017                     	;# 
   155  0018                     	;# 
   156  0019                     	;# 
   157  001A                     	;# 
   158  001B                     	;# 
   159  001B                     	;# 
   160  001C                     	;# 
   161  001D                     	;# 
   162  001E                     	;# 
   163  001F                     	;# 
   164  0081                     	;# 
   165  0085                     	;# 
   166  0086                     	;# 
   167  0087                     	;# 
   168  0088                     	;# 
   169  0089                     	;# 
   170  008C                     	;# 
   171  008D                     	;# 
   172  008E                     	;# 
   173  008F                     	;# 
   174  0090                     	;# 
   175  0091                     	;# 
   176  0092                     	;# 
   177  0093                     	;# 
   178  0093                     	;# 
   179  0093                     	;# 
   180  0094                     	;# 
   181  0095                     	;# 
   182  0096                     	;# 
   183  0097                     	;# 
   184  0098                     	;# 
   185  0099                     	;# 
   186  009A                     	;# 
   187  009B                     	;# 
   188  009C                     	;# 
   189  009D                     	;# 
   190  009E                     	;# 
   191  009F                     	;# 
   192  0105                     	;# 
   193  0107                     	;# 
   194  0108                     	;# 
   195  0109                     	;# 
   196  010C                     	;# 
   197  010C                     	;# 
   198  010D                     	;# 
   199  010E                     	;# 
   200  010F                     	;# 
   201  0185                     	;# 
   202  0187                     	;# 
   203  0188                     	;# 
   204  0189                     	;# 
   205  018C                     	;# 
   206  018D                     	;# 
   207  0000                     	;# 
   208  0001                     	;# 
   209  0002                     	;# 
   210  0003                     	;# 
   211  0004                     	;# 
   212  0005                     	;# 
   213  0006                     	;# 
   214  0007                     	;# 
   215  0008                     	;# 
   216  0009                     	;# 
   217  000A                     	;# 
   218  000B                     	;# 
   219  000C                     	;# 
   220  000D                     	;# 
   221  000E                     	;# 
   222  000E                     	;# 
   223  000F                     	;# 
   224  0010                     	;# 
   225  0011                     	;# 
   226  0012                     	;# 
   227  0013                     	;# 
   228  0014                     	;# 
   229  0015                     	;# 
   230  0015                     	;# 
   231  0016                     	;# 
   232  0017                     	;# 
   233  0018                     	;# 
   234  0019                     	;# 
   235  001A                     	;# 
   236  001B                     	;# 
   237  001B                     	;# 
   238  001C                     	;# 
   239  001D                     	;# 
   240  001E                     	;# 
   241  001F                     	;# 
   242  0081                     	;# 
   243  0085                     	;# 
   244  0086                     	;# 
   245  0087                     	;# 
   246  0088                     	;# 
   247  0089                     	;# 
   248  008C                     	;# 
   249  008D                     	;# 
   250  008E                     	;# 
   251  008F                     	;# 
   252  0090                     	;# 
   253  0091                     	;# 
   254  0092                     	;# 
   255  0093                     	;# 
   256  0093                     	;# 
   257  0093                     	;# 
   258  0094                     	;# 
   259  0095                     	;# 
   260  0096                     	;# 
   261  0097                     	;# 
   262  0098                     	;# 
   263  0099                     	;# 
   264  009A                     	;# 
   265  009B                     	;# 
   266  009C                     	;# 
   267  009D                     	;# 
   268  009E                     	;# 
   269  009F                     	;# 
   270  0105                     	;# 
   271  0107                     	;# 
   272  0108                     	;# 
   273  0109                     	;# 
   274  010C                     	;# 
   275  010C                     	;# 
   276  010D                     	;# 
   277  010E                     	;# 
   278  010F                     	;# 
   279  0185                     	;# 
   280  0187                     	;# 
   281  0188                     	;# 
   282  0189                     	;# 
   283  018C                     	;# 
   284  018D                     	;# 
   285  0000                     	;# 
   286  0001                     	;# 
   287  0002                     	;# 
   288  0003                     	;# 
   289  0004                     	;# 
   290  0005                     	;# 
   291  0006                     	;# 
   292  0007                     	;# 
   293  0008                     	;# 
   294  0009                     	;# 
   295  000A                     	;# 
   296  000B                     	;# 
   297  000C                     	;# 
   298  000D                     	;# 
   299  000E                     	;# 
   300  000E                     	;# 
   301  000F                     	;# 
   302  0010                     	;# 
   303  0011                     	;# 
   304  0012                     	;# 
   305  0013                     	;# 
   306  0014                     	;# 
   307  0015                     	;# 
   308  0015                     	;# 
   309  0016                     	;# 
   310  0017                     	;# 
   311  0018                     	;# 
   312  0019                     	;# 
   313  001A                     	;# 
   314  001B                     	;# 
   315  001B                     	;# 
   316  001C                     	;# 
   317  001D                     	;# 
   318  001E                     	;# 
   319  001F                     	;# 
   320  0081                     	;# 
   321  0085                     	;# 
   322  0086                     	;# 
   323  0087                     	;# 
   324  0088                     	;# 
   325  0089                     	;# 
   326  008C                     	;# 
   327  008D                     	;# 
   328  008E                     	;# 
   329  008F                     	;# 
   330  0090                     	;# 
   331  0091                     	;# 
   332  0092                     	;# 
   333  0093                     	;# 
   334  0093                     	;# 
   335  0093                     	;# 
   336  0094                     	;# 
   337  0095                     	;# 
   338  0096                     	;# 
   339  0097                     	;# 
   340  0098                     	;# 
   341  0099                     	;# 
   342  009A                     	;# 
   343  009B                     	;# 
   344  009C                     	;# 
   345  009D                     	;# 
   346  009E                     	;# 
   347  009F                     	;# 
   348  0105                     	;# 
   349  0107                     	;# 
   350  0108                     	;# 
   351  0109                     	;# 
   352  010C                     	;# 
   353  010C                     	;# 
   354  010D                     	;# 
   355  010E                     	;# 
   356  010F                     	;# 
   357  0185                     	;# 
   358  0187                     	;# 
   359  0188                     	;# 
   360  0189                     	;# 
   361  018C                     	;# 
   362  018D                     	;# 
   363  000B                     _INTCONbits	set	11
   364  0009                     _PORTE	set	9
   365  0008                     _PORTD	set	8
   366  0007                     _PORTC	set	7
   367  0006                     _PORTB	set	6
   368  0005                     _PORTA	set	5
   369  0014                     _SSPCONbits	set	20
   370  000C                     _PIR1bits	set	12
   371  001E                     _ADRESH	set	30
   372  001F                     _ADCON0bits	set	31
   373  0013                     _SSPBUF	set	19
   374  0014                     _SSPCON	set	20
   375  0066                     _ADIF	set	102
   376  0063                     _SSPIF	set	99
   377  005E                     _PEIE	set	94
   378  005F                     _GIE	set	95
   379  008C                     _PIE1bits	set	140
   380  0089                     _TRISE	set	137
   381  0088                     _TRISD	set	136
   382  0086                     _TRISB	set	134
   383  0085                     _TRISA	set	133
   384  0094                     _SSPSTATbits	set	148
   385  009E                     _ADRESL	set	158
   386  009F                     _ADCON1bits	set	159
   387  008F                     _OSCCONbits	set	143
   388  0091                     _SSPCON2bits	set	145
   389  0087                     _TRISCbits	set	135
   390  0094                     _SSPSTAT	set	148
   391  0093                     _SSPADD	set	147
   392  0091                     _SSPCON2	set	145
   393  04A0                     _BF	set	1184
   394  0463                     _SSPIE	set	1123
   395  043C                     _TRISC4	set	1084
   396  043B                     _TRISC3	set	1083
   397  0189                     _ANSELH	set	393
   398  0188                     _ANSEL	set	392
   399                           
   400                           	psect	cinit
   401  000F                     start_initialization:	
   402                           ; #config settings
   403                           
   404  000F                     __initialization:
   405                           
   406                           ; Clear objects allocated to COMMON
   407  000F  01F7               	clrf	__pbssCOMMON& (0+127)
   408  0010  01F8               	clrf	(__pbssCOMMON+1)& (0+127)
   409  0011  01F9               	clrf	(__pbssCOMMON+2)& (0+127)
   410  0012  01FA               	clrf	(__pbssCOMMON+3)& (0+127)
   411  0013                     end_of_initialization:	
   412                           ;End of C runtime variable initialization code
   413                           
   414  0013                     __end_of__initialization:
   415  0013  0183               	clrf	3
   416  0014  120A  118A  28DB   	ljmp	_main	;jump to C main() function
   417                           
   418                           	psect	bssCOMMON
   419  0077                     __pbssCOMMON:
   420  0077                     _dato:
   421  0077                     	ds	1
   422  0078                     _z:
   423  0078                     	ds	1
   424  0079                     _canal:
   425  0079                     	ds	1
   426  007A                     _conversion:
   427  007A                     	ds	1
   428                           
   429                           	psect	cstackCOMMON
   430  0070                     __pcstackCOMMON:
   431  0070                     ?_I2C_Slave_Init:
   432  0070                     ?_conf_OSCCON:	
   433                           ; 1 bytes @ 0x0
   434                           
   435  0070                     ?_isr:	
   436                           ; 1 bytes @ 0x0
   437                           
   438  0070                     ??_isr:	
   439                           ; 1 bytes @ 0x0
   440                           
   441  0070                     ?_main:	
   442                           ; 1 bytes @ 0x0
   443                           
   444                           
   445                           ; 1 bytes @ 0x0
   446  0070                     	ds	3
   447  0073                     ??_I2C_Slave_Init:
   448  0073                     ??_conf_OSCCON:	
   449                           ; 1 bytes @ 0x3
   450                           
   451  0073                     ?_conf_ADC:	
   452                           ; 1 bytes @ 0x3
   453                           
   454  0073                     I2C_Slave_Init@address:	
   455                           ; 1 bytes @ 0x3
   456                           
   457  0073                     conf_ADC@frec_reloj:	
   458                           ; 1 bytes @ 0x3
   459                           
   460                           
   461                           ; 1 bytes @ 0x3
   462  0073                     	ds	1
   463  0074                     ??_conf_ADC:
   464                           
   465                           ; 1 bytes @ 0x4
   466  0074                     	ds	1
   467  0075                     conf_OSCCON@frecuencia:
   468                           
   469                           ; 1 bytes @ 0x5
   470  0075                     	ds	1
   471  0076                     conf_ADC@canal:
   472                           
   473                           ; 1 bytes @ 0x6
   474  0076                     	ds	1
   475                           
   476                           	psect	cstackBANK0
   477  0020                     __pcstackBANK0:
   478  0020                     ??_main:
   479                           
   480                           ; 1 bytes @ 0x0
   481  0020                     	ds	1
   482                           
   483                           	psect	maintext
   484  00DB                     __pmaintext:	
   485 ;;
   486 ;;Main: autosize = 0, tempsize = 1, incstack = 0, save=0
   487 ;;
   488 ;; *************** function _main *****************
   489 ;; Defined at:
   490 ;;		line 87 in file "slave_main.c"
   491 ;; Parameters:    Size  Location     Type
   492 ;;		None
   493 ;; Auto vars:     Size  Location     Type
   494 ;;		None
   495 ;; Return value:  Size  Location     Type
   496 ;;                  1    wreg      void 
   497 ;; Registers used:
   498 ;;		wreg, fsr0l, fsr0h, status,2, status,0, pclath, cstack
   499 ;; Tracked objects:
   500 ;;		On entry : B00/0
   501 ;;		On exit  : 0/0
   502 ;;		Unchanged: 0/0
   503 ;; Data sizes:     COMMON   BANK0   BANK1   BANK3   BANK2
   504 ;;      Params:         0       0       0       0       0
   505 ;;      Locals:         0       0       0       0       0
   506 ;;      Temps:          0       1       0       0       0
   507 ;;      Totals:         0       1       0       0       0
   508 ;;Total ram usage:        1 bytes
   509 ;; Hardware stack levels required when called:    2
   510 ;; This function calls:
   511 ;;		_I2C_Slave_Init
   512 ;;		_conf_ADC
   513 ;;		_conf_OSCCON
   514 ;; This function is called by:
   515 ;;		Startup code after reset
   516 ;; This function uses a non-reentrant model
   517 ;;
   518                           
   519                           
   520                           ;psect for function _main
   521  00DB                     _main:
   522  00DB                     l1097:	
   523                           ;incstack = 0
   524                           ; Regs used in _main: [wreg-fsr0h+status,2+status,0+pclath+cstack]
   525                           
   526                           
   527                           ;slave_main.c: 91: ANSEL = 0b00000001;
   528  00DB  3001               	movlw	1
   529  00DC  1683               	bsf	3,5	;RP0=1, select bank3
   530  00DD  1703               	bsf	3,6	;RP1=1, select bank3
   531  00DE  0088               	movwf	8	;volatile
   532  00DF                     l1099:
   533                           
   534                           ;slave_main.c: 92: ANSELH = 0x00;
   535  00DF  0189               	clrf	9	;volatile
   536  00E0                     l1101:
   537                           
   538                           ;slave_main.c: 94: TRISA = 0b00000001;
   539  00E0  3001               	movlw	1
   540  00E1  1683               	bsf	3,5	;RP0=1, select bank1
   541  00E2  1303               	bcf	3,6	;RP1=0, select bank1
   542  00E3  0085               	movwf	5	;volatile
   543                           
   544                           ;slave_main.c: 95: TRISB = 0x00;
   545  00E4  0186               	clrf	6	;volatile
   546                           
   547                           ;slave_main.c: 96: TRISD = 0x00;
   548  00E5  0188               	clrf	8	;volatile
   549                           
   550                           ;slave_main.c: 97: TRISE = 0x00;
   551  00E6  0189               	clrf	9	;volatile
   552                           
   553                           ;slave_main.c: 99: PORTA = 0x00;
   554  00E7  1283               	bcf	3,5	;RP0=0, select bank0
   555  00E8  1303               	bcf	3,6	;RP1=0, select bank0
   556  00E9  0185               	clrf	5	;volatile
   557                           
   558                           ;slave_main.c: 100: PORTB = 0x00;
   559  00EA  0186               	clrf	6	;volatile
   560                           
   561                           ;slave_main.c: 101: PORTC = 0x00;
   562  00EB  0187               	clrf	7	;volatile
   563                           
   564                           ;slave_main.c: 102: PORTD = 0x00;
   565  00EC  0188               	clrf	8	;volatile
   566                           
   567                           ;slave_main.c: 103: PORTE = 0x00;
   568  00ED  0189               	clrf	9	;volatile
   569  00EE                     l1103:
   570                           
   571                           ;slave_main.c: 110: conf_OSCCON(8);
   572  00EE  3008               	movlw	8
   573  00EF  120A  118A  207F  120A  118A  	fcall	_conf_OSCCON
   574  00F4                     l1105:
   575                           
   576                           ;slave_main.c: 117: conf_ADC(0,3);
   577  00F4  3003               	movlw	3
   578  00F5  1283               	bcf	3,5	;RP0=0, select bank0
   579  00F6  1303               	bcf	3,6	;RP1=0, select bank0
   580  00F7  00A0               	movwf	??_main
   581  00F8  0820               	movf	??_main,w
   582  00F9  00F3               	movwf	conf_ADC@frec_reloj
   583  00FA  3000               	movlw	0
   584  00FB  120A  118A  212A  120A  118A  	fcall	_conf_ADC
   585  0100                     l1107:
   586                           
   587                           ;slave_main.c: 118: _delay((unsigned long)((50)*(8000000/4000000.0)));
   588  0100  3020               	movlw	32
   589  0101  1283               	bcf	3,5	;RP0=0, select bank0
   590  0102  1303               	bcf	3,6	;RP1=0, select bank0
   591  0103  00A0               	movwf	??_main
   592  0104                     u187:
   593  0104  0BA0               	decfsz	??_main,f
   594  0105  2904               	goto	u187
   595  0106  0000               	nop
   596  0107                     l1109:
   597                           
   598                           ;slave_main.c: 119: ADCON0bits.GO = 1;
   599  0107  1283               	bcf	3,5	;RP0=0, select bank0
   600  0108  1303               	bcf	3,6	;RP1=0, select bank0
   601  0109  149F               	bsf	31,1	;volatile
   602  010A                     l1111:
   603                           
   604                           ;slave_main.c: 123: I2C_Slave_Init(0xB0);
   605  010A  30B0               	movlw	176
   606  010B  120A  118A  2174  120A  118A  	fcall	_I2C_Slave_Init
   607  0110                     l1113:
   608                           
   609                           ;slave_main.c: 127: INTCONbits.PEIE = 1;
   610  0110  170B               	bsf	11,6	;volatile
   611  0111                     l1115:
   612                           
   613                           ;slave_main.c: 128: PIE1bits.ADIE = 1;
   614  0111  1683               	bsf	3,5	;RP0=1, select bank1
   615  0112  1303               	bcf	3,6	;RP1=0, select bank1
   616  0113  170C               	bsf	12,6	;volatile
   617  0114                     l1117:
   618                           
   619                           ;slave_main.c: 129: PIR1bits.ADIF = 0;
   620  0114  1283               	bcf	3,5	;RP0=0, select bank0
   621  0115  1303               	bcf	3,6	;RP1=0, select bank0
   622  0116  130C               	bcf	12,6	;volatile
   623  0117                     l1119:
   624                           
   625                           ;slave_main.c: 130: INTCONbits.GIE = 1;
   626  0117  178B               	bsf	11,7	;volatile
   627  0118                     l1121:
   628                           
   629                           ;slave_main.c: 138:     if (ADCON0bits.GO == 0) {
   630  0118  189F               	btfsc	31,1	;volatile
   631  0119  291B               	goto	u171
   632  011A  291C               	goto	u170
   633  011B                     u171:
   634  011B  2918               	goto	l1121
   635  011C                     u170:
   636  011C                     l1123:
   637                           
   638                           ;slave_main.c: 139:         _delay((unsigned long)((50)*(8000000/4000000.0)));
   639  011C  3020               	movlw	32
   640  011D  1283               	bcf	3,5	;RP0=0, select bank0
   641  011E  1303               	bcf	3,6	;RP1=0, select bank0
   642  011F  00A0               	movwf	??_main
   643  0120                     u197:
   644  0120  0BA0               	decfsz	??_main,f
   645  0121  2920               	goto	u197
   646  0122  0000               	nop
   647  0123                     l1125:
   648                           
   649                           ;slave_main.c: 140:         ADCON0bits.GO = 1;
   650  0123  1283               	bcf	3,5	;RP0=0, select bank0
   651  0124  1303               	bcf	3,6	;RP1=0, select bank0
   652  0125  149F               	bsf	31,1	;volatile
   653  0126  2918               	goto	l1121
   654  0127  120A  118A  280C   	ljmp	start
   655  012A                     __end_of_main:
   656                           
   657                           	psect	text1
   658  007F                     __ptext1:	
   659 ;; *************** function _conf_OSCCON *****************
   660 ;; Defined at:
   661 ;;		line 15 in file "libreria_slave.c"
   662 ;; Parameters:    Size  Location     Type
   663 ;;  frecuencia      1    wreg     unsigned char 
   664 ;; Auto vars:     Size  Location     Type
   665 ;;  frecuencia      1    5[COMMON] unsigned char 
   666 ;; Return value:  Size  Location     Type
   667 ;;                  1    wreg      void 
   668 ;; Registers used:
   669 ;;		wreg, fsr0l, fsr0h, status,2, status,0
   670 ;; Tracked objects:
   671 ;;		On entry : 0/0
   672 ;;		On exit  : 0/0
   673 ;;		Unchanged: 0/0
   674 ;; Data sizes:     COMMON   BANK0   BANK1   BANK3   BANK2
   675 ;;      Params:         0       0       0       0       0
   676 ;;      Locals:         1       0       0       0       0
   677 ;;      Temps:          2       0       0       0       0
   678 ;;      Totals:         3       0       0       0       0
   679 ;;Total ram usage:        3 bytes
   680 ;; Hardware stack levels used:    1
   681 ;; Hardware stack levels required when called:    1
   682 ;; This function calls:
   683 ;;		Nothing
   684 ;; This function is called by:
   685 ;;		_main
   686 ;; This function uses a non-reentrant model
   687 ;;
   688                           
   689                           
   690                           ;psect for function _conf_OSCCON
   691  007F                     _conf_OSCCON:
   692                           
   693                           ;incstack = 0
   694                           ; Regs used in _conf_OSCCON: [wreg-fsr0h+status,2+status,0]
   695                           ;conf_OSCCON@frecuencia stored from wreg
   696  007F  00F5               	movwf	conf_OSCCON@frecuencia
   697  0080                     l783:
   698                           
   699                           ;libreria_slave.c: 17:     switch (frecuencia) {
   700  0080  28B5               	goto	l803
   701  0081                     l785:
   702                           
   703                           ;libreria_slave.c: 19:             OSCCONbits.IRCF = 0b000;
   704  0081  308F               	movlw	-113
   705  0082  1683               	bsf	3,5	;RP0=1, select bank1
   706  0083  1303               	bcf	3,6	;RP1=0, select bank1
   707  0084  058F               	andwf	15,f	;volatile
   708                           
   709                           ;libreria_slave.c: 20:             break;
   710  0085  28D7               	goto	l70
   711  0086                     l787:
   712                           
   713                           ;libreria_slave.c: 22:             OSCCONbits.IRCF = 0b001;
   714  0086  1683               	bsf	3,5	;RP0=1, select bank1
   715  0087  1303               	bcf	3,6	;RP1=0, select bank1
   716  0088  080F               	movf	15,w	;volatile
   717  0089  398F               	andlw	-113
   718  008A  3810               	iorlw	16
   719  008B  008F               	movwf	15	;volatile
   720                           
   721                           ;libreria_slave.c: 23:             break;
   722  008C  28D7               	goto	l70
   723  008D                     l789:
   724                           
   725                           ;libreria_slave.c: 25:             OSCCONbits.IRCF = 0b010;
   726  008D  1683               	bsf	3,5	;RP0=1, select bank1
   727  008E  1303               	bcf	3,6	;RP1=0, select bank1
   728  008F  080F               	movf	15,w	;volatile
   729  0090  398F               	andlw	-113
   730  0091  3820               	iorlw	32
   731  0092  008F               	movwf	15	;volatile
   732                           
   733                           ;libreria_slave.c: 26:             break;
   734  0093  28D7               	goto	l70
   735  0094                     l791:
   736                           
   737                           ;libreria_slave.c: 28:             OSCCONbits.IRCF = 0b011;
   738  0094  1683               	bsf	3,5	;RP0=1, select bank1
   739  0095  1303               	bcf	3,6	;RP1=0, select bank1
   740  0096  080F               	movf	15,w	;volatile
   741  0097  398F               	andlw	-113
   742  0098  3830               	iorlw	48
   743  0099  008F               	movwf	15	;volatile
   744                           
   745                           ;libreria_slave.c: 29:             break;
   746  009A  28D7               	goto	l70
   747  009B                     l793:
   748                           
   749                           ;libreria_slave.c: 31:             OSCCONbits.IRCF = 0b100;
   750  009B  1683               	bsf	3,5	;RP0=1, select bank1
   751  009C  1303               	bcf	3,6	;RP1=0, select bank1
   752  009D  080F               	movf	15,w	;volatile
   753  009E  398F               	andlw	-113
   754  009F  3840               	iorlw	64
   755  00A0  008F               	movwf	15	;volatile
   756                           
   757                           ;libreria_slave.c: 32:             break;
   758  00A1  28D7               	goto	l70
   759  00A2                     l795:
   760                           
   761                           ;libreria_slave.c: 34:             OSCCONbits.IRCF = 0b101;
   762  00A2  1683               	bsf	3,5	;RP0=1, select bank1
   763  00A3  1303               	bcf	3,6	;RP1=0, select bank1
   764  00A4  080F               	movf	15,w	;volatile
   765  00A5  398F               	andlw	-113
   766  00A6  3850               	iorlw	80
   767  00A7  008F               	movwf	15	;volatile
   768                           
   769                           ;libreria_slave.c: 35:             break;
   770  00A8  28D7               	goto	l70
   771  00A9                     l797:
   772                           
   773                           ;libreria_slave.c: 37:             OSCCONbits.IRCF = 0b110;
   774  00A9  1683               	bsf	3,5	;RP0=1, select bank1
   775  00AA  1303               	bcf	3,6	;RP1=0, select bank1
   776  00AB  080F               	movf	15,w	;volatile
   777  00AC  398F               	andlw	-113
   778  00AD  3860               	iorlw	96
   779  00AE  008F               	movwf	15	;volatile
   780                           
   781                           ;libreria_slave.c: 38:             break;
   782  00AF  28D7               	goto	l70
   783  00B0                     l799:
   784                           
   785                           ;libreria_slave.c: 40:             OSCCONbits.IRCF = 0b111;
   786  00B0  3070               	movlw	112
   787  00B1  1683               	bsf	3,5	;RP0=1, select bank1
   788  00B2  1303               	bcf	3,6	;RP1=0, select bank1
   789  00B3  048F               	iorwf	15,f	;volatile
   790                           
   791                           ;libreria_slave.c: 41:             break;
   792  00B4  28D7               	goto	l70
   793  00B5                     l803:
   794  00B5  0875               	movf	conf_OSCCON@frecuencia,w
   795  00B6  00F3               	movwf	??_conf_OSCCON
   796  00B7  01F4               	clrf	??_conf_OSCCON+1
   797                           
   798                           ; Switch on 2 bytes has been partitioned into a top level switch of size 1, and 1 sub-sw
      +                          itches
   799                           ; Switch size 1, requested type "simple"
   800                           ; Number of cases is 1, Range of values is 0 to 0
   801                           ; switch strategies available:
   802                           ; Name         Instructions Cycles
   803                           ; simple_byte            4     3 (average)
   804                           ; direct_byte           11     8 (fixed)
   805                           ; jumptable            260     6 (fixed)
   806                           ;	Chosen strategy is simple_byte
   807  00B8  0874               	movf	??_conf_OSCCON+1,w
   808  00B9  3A00               	xorlw	0	; case 0
   809  00BA  1903               	skipnz
   810  00BB  28BD               	goto	l1167
   811  00BC  28D7               	goto	l70
   812  00BD                     l1167:
   813                           
   814                           ; Switch size 1, requested type "simple"
   815                           ; Number of cases is 8, Range of values is 1 to 8
   816                           ; switch strategies available:
   817                           ; Name         Instructions Cycles
   818                           ; simple_byte           25    13 (average)
   819                           ; direct_byte           35    11 (fixed)
   820                           ; jumptable            263     9 (fixed)
   821                           ;	Chosen strategy is simple_byte
   822  00BD  0873               	movf	??_conf_OSCCON,w
   823  00BE  3A01               	xorlw	1	; case 1
   824  00BF  1903               	skipnz
   825  00C0  2881               	goto	l785
   826  00C1  3A03               	xorlw	3	; case 2
   827  00C2  1903               	skipnz
   828  00C3  2886               	goto	l787
   829  00C4  3A01               	xorlw	1	; case 3
   830  00C5  1903               	skipnz
   831  00C6  288D               	goto	l789
   832  00C7  3A07               	xorlw	7	; case 4
   833  00C8  1903               	skipnz
   834  00C9  2894               	goto	l791
   835  00CA  3A01               	xorlw	1	; case 5
   836  00CB  1903               	skipnz
   837  00CC  289B               	goto	l793
   838  00CD  3A03               	xorlw	3	; case 6
   839  00CE  1903               	skipnz
   840  00CF  28A2               	goto	l795
   841  00D0  3A01               	xorlw	1	; case 7
   842  00D1  1903               	skipnz
   843  00D2  28A9               	goto	l797
   844  00D3  3A0F               	xorlw	15	; case 8
   845  00D4  1903               	skipnz
   846  00D5  28B0               	goto	l799
   847  00D6  28D7               	goto	l70
   848  00D7                     l70:
   849                           
   850                           ;libreria_slave.c: 43:     OSCCONbits.SCS = 1;
   851  00D7  1683               	bsf	3,5	;RP0=1, select bank1
   852  00D8  1303               	bcf	3,6	;RP1=0, select bank1
   853  00D9  140F               	bsf	15,0	;volatile
   854  00DA                     l78:	
   855                           ;libreria_slave.c: 44:     return;
   856                           
   857  00DA  0008               	return
   858  00DB                     __end_of_conf_OSCCON:
   859                           
   860                           	psect	text2
   861  012A                     __ptext2:	
   862 ;; *************** function _conf_ADC *****************
   863 ;; Defined at:
   864 ;;		line 50 in file "libreria_slave.c"
   865 ;; Parameters:    Size  Location     Type
   866 ;;  canal           1    wreg     unsigned char 
   867 ;;  frec_reloj      1    3[COMMON] unsigned char 
   868 ;; Auto vars:     Size  Location     Type
   869 ;;  canal           1    6[COMMON] unsigned char 
   870 ;; Return value:  Size  Location     Type
   871 ;;                  1    wreg      void 
   872 ;; Registers used:
   873 ;;		wreg, fsr0l, fsr0h, status,2, status,0
   874 ;; Tracked objects:
   875 ;;		On entry : 0/0
   876 ;;		On exit  : 0/0
   877 ;;		Unchanged: 0/0
   878 ;; Data sizes:     COMMON   BANK0   BANK1   BANK3   BANK2
   879 ;;      Params:         1       0       0       0       0
   880 ;;      Locals:         1       0       0       0       0
   881 ;;      Temps:          2       0       0       0       0
   882 ;;      Totals:         4       0       0       0       0
   883 ;;Total ram usage:        4 bytes
   884 ;; Hardware stack levels used:    1
   885 ;; Hardware stack levels required when called:    1
   886 ;; This function calls:
   887 ;;		Nothing
   888 ;; This function is called by:
   889 ;;		_main
   890 ;; This function uses a non-reentrant model
   891 ;;
   892                           
   893                           
   894                           ;psect for function _conf_ADC
   895  012A                     _conf_ADC:
   896                           
   897                           ;incstack = 0
   898                           ; Regs used in _conf_ADC: [wreg-fsr0h+status,2+status,0]
   899                           ;conf_ADC@canal stored from wreg
   900  012A  00F6               	movwf	conf_ADC@canal
   901  012B                     l993:
   902                           
   903                           ;libreria_slave.c: 52:     switch (frec_reloj) {
   904  012B  2946               	goto	l1005
   905  012C                     l995:
   906                           
   907                           ;libreria_slave.c: 54:             ADCON0bits.ADCS = 0b00;
   908  012C  303F               	movlw	-193
   909  012D  1283               	bcf	3,5	;RP0=0, select bank0
   910  012E  1303               	bcf	3,6	;RP1=0, select bank0
   911  012F  059F               	andwf	31,f	;volatile
   912                           
   913                           ;libreria_slave.c: 55:             break;
   914  0130  295C               	goto	l1007
   915  0131                     l997:
   916                           
   917                           ;libreria_slave.c: 57:             ADCON0bits.ADCS = 0b01;
   918  0131  1283               	bcf	3,5	;RP0=0, select bank0
   919  0132  1303               	bcf	3,6	;RP1=0, select bank0
   920  0133  081F               	movf	31,w	;volatile
   921  0134  393F               	andlw	-193
   922  0135  3840               	iorlw	64
   923  0136  009F               	movwf	31	;volatile
   924                           
   925                           ;libreria_slave.c: 58:             break;
   926  0137  295C               	goto	l1007
   927  0138                     l999:
   928                           
   929                           ;libreria_slave.c: 60:             ADCON0bits.ADCS = 0b10;
   930  0138  1283               	bcf	3,5	;RP0=0, select bank0
   931  0139  1303               	bcf	3,6	;RP1=0, select bank0
   932  013A  081F               	movf	31,w	;volatile
   933  013B  393F               	andlw	-193
   934  013C  3880               	iorlw	128
   935  013D  009F               	movwf	31	;volatile
   936                           
   937                           ;libreria_slave.c: 61:             break;
   938  013E  295C               	goto	l1007
   939  013F                     l1001:
   940                           
   941                           ;libreria_slave.c: 63:             ADCON0bits.ADCS = 0b10;
   942  013F  1283               	bcf	3,5	;RP0=0, select bank0
   943  0140  1303               	bcf	3,6	;RP1=0, select bank0
   944  0141  081F               	movf	31,w	;volatile
   945  0142  393F               	andlw	-193
   946  0143  3880               	iorlw	128
   947  0144  009F               	movwf	31	;volatile
   948                           
   949                           ;libreria_slave.c: 64:             break;
   950  0145  295C               	goto	l1007
   951  0146                     l1005:
   952  0146  0873               	movf	conf_ADC@frec_reloj,w
   953  0147  00F4               	movwf	??_conf_ADC
   954  0148  01F5               	clrf	??_conf_ADC+1
   955                           
   956                           ; Switch on 2 bytes has been partitioned into a top level switch of size 1, and 1 sub-sw
      +                          itches
   957                           ; Switch size 1, requested type "simple"
   958                           ; Number of cases is 1, Range of values is 0 to 0
   959                           ; switch strategies available:
   960                           ; Name         Instructions Cycles
   961                           ; simple_byte            4     3 (average)
   962                           ; direct_byte           11     8 (fixed)
   963                           ; jumptable            260     6 (fixed)
   964                           ;	Chosen strategy is simple_byte
   965  0149  0875               	movf	??_conf_ADC+1,w
   966  014A  3A00               	xorlw	0	; case 0
   967  014B  1903               	skipnz
   968  014C  294E               	goto	l1169
   969  014D  295C               	goto	l1007
   970  014E                     l1169:
   971                           
   972                           ; Switch size 1, requested type "simple"
   973                           ; Number of cases is 4, Range of values is 1 to 4
   974                           ; switch strategies available:
   975                           ; Name         Instructions Cycles
   976                           ; simple_byte           13     7 (average)
   977                           ; direct_byte           23    11 (fixed)
   978                           ; jumptable            263     9 (fixed)
   979                           ;	Chosen strategy is simple_byte
   980  014E  0874               	movf	??_conf_ADC,w
   981  014F  3A01               	xorlw	1	; case 1
   982  0150  1903               	skipnz
   983  0151  292C               	goto	l995
   984  0152  3A03               	xorlw	3	; case 2
   985  0153  1903               	skipnz
   986  0154  2931               	goto	l997
   987  0155  3A01               	xorlw	1	; case 3
   988  0156  1903               	skipnz
   989  0157  2938               	goto	l999
   990  0158  3A07               	xorlw	7	; case 4
   991  0159  1903               	skipnz
   992  015A  293F               	goto	l1001
   993  015B  295C               	goto	l1007
   994  015C                     l1007:
   995                           
   996                           ;libreria_slave.c: 66:     ADCON0bits.CHS = canal;
   997  015C  0876               	movf	conf_ADC@canal,w
   998  015D  00F4               	movwf	??_conf_ADC
   999  015E  0DF4               	rlf	??_conf_ADC,f
  1000  015F  0DF4               	rlf	??_conf_ADC,f
  1001  0160  1283               	bcf	3,5	;RP0=0, select bank0
  1002  0161  1303               	bcf	3,6	;RP1=0, select bank0
  1003  0162  081F               	movf	31,w	;volatile
  1004  0163  0674               	xorwf	??_conf_ADC,w
  1005  0164  39C3               	andlw	-61
  1006  0165  0674               	xorwf	??_conf_ADC,w
  1007  0166  009F               	movwf	31	;volatile
  1008  0167                     l1009:
  1009                           
  1010                           ;libreria_slave.c: 67:     ADCON0bits.ADON = 1;
  1011  0167  141F               	bsf	31,0	;volatile
  1012  0168                     l1011:
  1013                           
  1014                           ;libreria_slave.c: 69:     ADCON1bits.ADFM = 0;
  1015  0168  1683               	bsf	3,5	;RP0=1, select bank1
  1016  0169  1303               	bcf	3,6	;RP1=0, select bank1
  1017  016A  139F               	bcf	31,7	;volatile
  1018  016B                     l1013:
  1019                           
  1020                           ;libreria_slave.c: 70:     ADCON1bits.VCFG1 = 0;
  1021  016B  129F               	bcf	31,5	;volatile
  1022  016C                     l1015:
  1023                           
  1024                           ;libreria_slave.c: 71:     ADCON1bits.VCFG0 = 0;
  1025  016C  121F               	bcf	31,4	;volatile
  1026  016D                     l1017:
  1027                           
  1028                           ;libreria_slave.c: 73:     ADRESH = 0x00;
  1029  016D  1283               	bcf	3,5	;RP0=0, select bank0
  1030  016E  1303               	bcf	3,6	;RP1=0, select bank0
  1031  016F  019E               	clrf	30	;volatile
  1032  0170                     l1019:
  1033                           
  1034                           ;libreria_slave.c: 74:     ADRESL = 0x00;
  1035  0170  1683               	bsf	3,5	;RP0=1, select bank1
  1036  0171  1303               	bcf	3,6	;RP1=0, select bank1
  1037  0172  019E               	clrf	30	;volatile
  1038  0173                     l87:
  1039  0173  0008               	return
  1040  0174                     __end_of_conf_ADC:
  1041                           
  1042                           	psect	text3
  1043  0174                     __ptext3:	
  1044 ;; *************** function _I2C_Slave_Init *****************
  1045 ;; Defined at:
  1046 ;;		line 93 in file "I2C.c"
  1047 ;; Parameters:    Size  Location     Type
  1048 ;;  address         1    wreg     unsigned char 
  1049 ;; Auto vars:     Size  Location     Type
  1050 ;;  address         1    3[COMMON] unsigned char 
  1051 ;; Return value:  Size  Location     Type
  1052 ;;                  1    wreg      void 
  1053 ;; Registers used:
  1054 ;;		wreg
  1055 ;; Tracked objects:
  1056 ;;		On entry : 0/0
  1057 ;;		On exit  : 0/0
  1058 ;;		Unchanged: 0/0
  1059 ;; Data sizes:     COMMON   BANK0   BANK1   BANK3   BANK2
  1060 ;;      Params:         0       0       0       0       0
  1061 ;;      Locals:         1       0       0       0       0
  1062 ;;      Temps:          0       0       0       0       0
  1063 ;;      Totals:         1       0       0       0       0
  1064 ;;Total ram usage:        1 bytes
  1065 ;; Hardware stack levels used:    1
  1066 ;; Hardware stack levels required when called:    1
  1067 ;; This function calls:
  1068 ;;		Nothing
  1069 ;; This function is called by:
  1070 ;;		_main
  1071 ;; This function uses a non-reentrant model
  1072 ;;
  1073                           
  1074                           
  1075                           ;psect for function _I2C_Slave_Init
  1076  0174                     _I2C_Slave_Init:
  1077                           
  1078                           ;incstack = 0
  1079                           ; Regs used in _I2C_Slave_Init: [wreg]
  1080                           ;I2C_Slave_Init@address stored from wreg
  1081  0174  00F3               	movwf	I2C_Slave_Init@address
  1082  0175                     l769:
  1083                           
  1084                           ;I2C.c: 93: void I2C_Slave_Init(uint8_t address);I2C.c: 94: {;I2C.c: 95:     SSPADD = ad
      +                          dress;
  1085  0175  0873               	movf	I2C_Slave_Init@address,w
  1086  0176  1683               	bsf	3,5	;RP0=1, select bank1
  1087  0177  1303               	bcf	3,6	;RP1=0, select bank1
  1088  0178  0093               	movwf	19	;volatile
  1089                           
  1090                           ;I2C.c: 96:     SSPCON = 0x36;
  1091  0179  3036               	movlw	54
  1092  017A  1283               	bcf	3,5	;RP0=0, select bank0
  1093  017B  1303               	bcf	3,6	;RP1=0, select bank0
  1094  017C  0094               	movwf	20	;volatile
  1095                           
  1096                           ;I2C.c: 97:     SSPSTAT = 0x80;
  1097  017D  3080               	movlw	128
  1098  017E  1683               	bsf	3,5	;RP0=1, select bank1
  1099  017F  1303               	bcf	3,6	;RP1=0, select bank1
  1100  0180  0094               	movwf	20	;volatile
  1101                           
  1102                           ;I2C.c: 98:     SSPCON2 = 0x01;
  1103  0181  3001               	movlw	1
  1104  0182  0091               	movwf	17	;volatile
  1105  0183                     l771:
  1106                           
  1107                           ;I2C.c: 99:     TRISC3 = 1;
  1108  0183  1587               	bsf	7,3	;volatile
  1109  0184                     l773:
  1110                           
  1111                           ;I2C.c: 100:     TRISC4 = 1;
  1112  0184  1607               	bsf	7,4	;volatile
  1113  0185                     l775:
  1114                           
  1115                           ;I2C.c: 101:     GIE = 1;
  1116  0185  178B               	bsf	11,7	;volatile
  1117  0186                     l777:
  1118                           
  1119                           ;I2C.c: 102:     PEIE = 1;
  1120  0186  170B               	bsf	11,6	;volatile
  1121  0187                     l779:
  1122                           
  1123                           ;I2C.c: 103:     SSPIF = 0;
  1124  0187  1283               	bcf	3,5	;RP0=0, select bank0
  1125  0188  1303               	bcf	3,6	;RP1=0, select bank0
  1126  0189  118C               	bcf	12,3	;volatile
  1127  018A                     l781:
  1128                           
  1129                           ;I2C.c: 104:     SSPIE = 1;
  1130  018A  1683               	bsf	3,5	;RP0=1, select bank1
  1131  018B  1303               	bcf	3,6	;RP1=0, select bank1
  1132  018C  158C               	bsf	12,3	;volatile
  1133  018D                     l55:
  1134  018D  0008               	return
  1135  018E                     __end_of_I2C_Slave_Init:
  1136                           
  1137                           	psect	text4
  1138  0017                     __ptext4:	
  1139 ;; *************** function _isr *****************
  1140 ;; Defined at:
  1141 ;;		line 46 in file "slave_main.c"
  1142 ;; Parameters:    Size  Location     Type
  1143 ;;		None
  1144 ;; Auto vars:     Size  Location     Type
  1145 ;;		None
  1146 ;; Return value:  Size  Location     Type
  1147 ;;                  1    wreg      void 
  1148 ;; Registers used:
  1149 ;;		wreg
  1150 ;; Tracked objects:
  1151 ;;		On entry : 0/0
  1152 ;;		On exit  : 0/0
  1153 ;;		Unchanged: 0/0
  1154 ;; Data sizes:     COMMON   BANK0   BANK1   BANK3   BANK2
  1155 ;;      Params:         0       0       0       0       0
  1156 ;;      Locals:         0       0       0       0       0
  1157 ;;      Temps:          3       0       0       0       0
  1158 ;;      Totals:         3       0       0       0       0
  1159 ;;Total ram usage:        3 bytes
  1160 ;; Hardware stack levels used:    1
  1161 ;; This function calls:
  1162 ;;		Nothing
  1163 ;; This function is called by:
  1164 ;;		Interrupt level 1
  1165 ;; This function uses a non-reentrant model
  1166 ;;
  1167                           
  1168                           
  1169                           ;psect for function _isr
  1170  0017                     _isr:
  1171  0017                     i1l883:
  1172                           
  1173                           ;slave_main.c: 47:    if(PIR1bits.SSPIF == 1){
  1174  0017  1283               	bcf	3,5	;RP0=0, select bank0
  1175  0018  1303               	bcf	3,6	;RP1=0, select bank0
  1176  0019  1D8C               	btfss	12,3	;volatile
  1177  001A  281C               	goto	u5_21
  1178  001B  281D               	goto	u5_20
  1179  001C                     u5_21:
  1180  001C  286F               	goto	i1l150
  1181  001D                     u5_20:
  1182  001D                     i1l885:
  1183                           
  1184                           ;slave_main.c: 49:         SSPCONbits.CKP = 0;
  1185  001D  1214               	bcf	20,4	;volatile
  1186                           
  1187                           ;slave_main.c: 51:         if ((SSPCONbits.SSPOV) || (SSPCONbits.WCOL)){
  1188  001E  1B14               	btfsc	20,6	;volatile
  1189  001F  2821               	goto	u6_21
  1190  0020  2822               	goto	u6_20
  1191  0021                     u6_21:
  1192  0021  2826               	goto	i1l889
  1193  0022                     u6_20:
  1194  0022                     i1l887:
  1195  0022  1F94               	btfss	20,7	;volatile
  1196  0023  2825               	goto	u7_21
  1197  0024  2826               	goto	u7_20
  1198  0025                     u7_21:
  1199  0025  282D               	goto	i1l897
  1200  0026                     u7_20:
  1201  0026                     i1l889:
  1202                           
  1203                           ;slave_main.c: 52:             z = SSPBUF;
  1204  0026  0813               	movf	19,w	;volatile
  1205  0027  00F0               	movwf	??_isr
  1206  0028  0870               	movf	??_isr,w
  1207  0029  00F8               	movwf	_z
  1208  002A                     i1l891:
  1209                           
  1210                           ;slave_main.c: 53:             SSPCONbits.SSPOV = 0;
  1211  002A  1314               	bcf	20,6	;volatile
  1212  002B                     i1l893:
  1213                           
  1214                           ;slave_main.c: 54:             SSPCONbits.WCOL = 0;
  1215  002B  1394               	bcf	20,7	;volatile
  1216  002C                     i1l895:
  1217                           
  1218                           ;slave_main.c: 55:             SSPCONbits.CKP = 1;
  1219  002C  1614               	bsf	20,4	;volatile
  1220  002D                     i1l897:
  1221                           
  1222                           ;slave_main.c: 58:         if(!SSPSTATbits.D_nA && !SSPSTATbits.R_nW) {
  1223  002D  1683               	bsf	3,5	;RP0=1, select bank1
  1224  002E  1303               	bcf	3,6	;RP1=0, select bank1
  1225  002F  1A94               	btfsc	20,5	;volatile
  1226  0030  2832               	goto	u8_21
  1227  0031  2833               	goto	u8_20
  1228  0032                     u8_21:
  1229  0032  284B               	goto	i1l154
  1230  0033                     u8_20:
  1231  0033                     i1l899:
  1232  0033  1914               	btfsc	20,2	;volatile
  1233  0034  2836               	goto	u9_21
  1234  0035  2837               	goto	u9_20
  1235  0036                     u9_21:
  1236  0036  284B               	goto	i1l154
  1237  0037                     u9_20:
  1238  0037                     i1l901:
  1239                           
  1240                           ;slave_main.c: 60:             z = SSPBUF;
  1241  0037  1283               	bcf	3,5	;RP0=0, select bank0
  1242  0038  1303               	bcf	3,6	;RP1=0, select bank0
  1243  0039  0813               	movf	19,w	;volatile
  1244  003A  00F0               	movwf	??_isr
  1245  003B  0870               	movf	??_isr,w
  1246  003C  00F8               	movwf	_z
  1247  003D                     i1l903:
  1248                           
  1249                           ;slave_main.c: 62:             PIR1bits.SSPIF = 0;
  1250  003D  118C               	bcf	12,3	;volatile
  1251  003E                     i1l905:
  1252                           
  1253                           ;slave_main.c: 63:             SSPCONbits.CKP = 1;
  1254  003E  1614               	bsf	20,4	;volatile
  1255  003F                     i1l155:	
  1256                           ;slave_main.c: 64:             while(!SSPSTATbits.BF);
  1257                           
  1258  003F  1683               	bsf	3,5	;RP0=1, select bank1
  1259  0040  1303               	bcf	3,6	;RP1=0, select bank1
  1260  0041  1C14               	btfss	20,0	;volatile
  1261  0042  2844               	goto	u10_21
  1262  0043  2845               	goto	u10_20
  1263  0044                     u10_21:
  1264  0044  283F               	goto	i1l155
  1265  0045                     u10_20:
  1266  0045                     i1l907:
  1267                           
  1268                           ;slave_main.c: 65:             _delay((unsigned long)((250)*(8000000/4000000.0)));
  1269  0045  30A6               	movlw	166
  1270  0046  00F0               	movwf	??_isr
  1271  0047                     u20_27:
  1272  0047  0BF0               	decfsz	??_isr,f
  1273  0048  2847               	goto	u20_27
  1274  0049  0000               	nop
  1275                           
  1276                           ;slave_main.c: 67:         }else if(!SSPSTATbits.D_nA && SSPSTATbits.R_nW){
  1277  004A  286C               	goto	i1l158
  1278  004B                     i1l154:
  1279  004B  1A94               	btfsc	20,5	;volatile
  1280  004C  284E               	goto	u11_21
  1281  004D  284F               	goto	u11_20
  1282  004E                     u11_21:
  1283  004E  286C               	goto	i1l158
  1284  004F                     u11_20:
  1285  004F                     i1l909:
  1286  004F  1D14               	btfss	20,2	;volatile
  1287  0050  2852               	goto	u12_21
  1288  0051  2853               	goto	u12_20
  1289  0052                     u12_21:
  1290  0052  286C               	goto	i1l158
  1291  0053                     u12_20:
  1292  0053                     i1l911:
  1293                           
  1294                           ;slave_main.c: 68:             z = SSPBUF;
  1295  0053  1283               	bcf	3,5	;RP0=0, select bank0
  1296  0054  1303               	bcf	3,6	;RP1=0, select bank0
  1297  0055  0813               	movf	19,w	;volatile
  1298  0056  00F0               	movwf	??_isr
  1299  0057  0870               	movf	??_isr,w
  1300  0058  00F8               	movwf	_z
  1301  0059                     i1l913:
  1302                           
  1303                           ;slave_main.c: 69:             BF = 0;
  1304  0059  1683               	bsf	3,5	;RP0=1, select bank1
  1305  005A  1303               	bcf	3,6	;RP1=0, select bank1
  1306  005B  1014               	bcf	20,0	;volatile
  1307                           
  1308                           ;slave_main.c: 70:             SSPBUF = conversion;
  1309  005C  087A               	movf	_conversion,w
  1310  005D  1283               	bcf	3,5	;RP0=0, select bank0
  1311  005E  1303               	bcf	3,6	;RP1=0, select bank0
  1312  005F  0093               	movwf	19	;volatile
  1313  0060                     i1l915:
  1314                           
  1315                           ;slave_main.c: 71:             SSPCONbits.CKP = 1;
  1316  0060  1614               	bsf	20,4	;volatile
  1317                           
  1318                           ;slave_main.c: 72:             _delay((unsigned long)((250)*(8000000/4000000.0)));
  1319  0061  30A6               	movlw	166
  1320  0062  00F0               	movwf	??_isr
  1321  0063                     u21_27:
  1322  0063  0BF0               	decfsz	??_isr,f
  1323  0064  2863               	goto	u21_27
  1324  0065  0000               	nop
  1325  0066                     i1l160:	
  1326                           ;slave_main.c: 73:             while(SSPSTATbits.BF);
  1327                           
  1328  0066  1683               	bsf	3,5	;RP0=1, select bank1
  1329  0067  1303               	bcf	3,6	;RP1=0, select bank1
  1330  0068  1814               	btfsc	20,0	;volatile
  1331  0069  286B               	goto	u13_21
  1332  006A  286C               	goto	u13_20
  1333  006B                     u13_21:
  1334  006B  2866               	goto	i1l160
  1335  006C                     u13_20:
  1336  006C                     i1l158:
  1337                           
  1338                           ;slave_main.c: 76:         PIR1bits.SSPIF = 0;
  1339  006C  1283               	bcf	3,5	;RP0=0, select bank0
  1340  006D  1303               	bcf	3,6	;RP1=0, select bank0
  1341  006E  118C               	bcf	12,3	;volatile
  1342  006F                     i1l150:	
  1343                           ;slave_main.c: 77:     }
  1344                           
  1345                           
  1346                           ;slave_main.c: 78:    if (ADIF == 1) {
  1347  006F  1F0C               	btfss	12,6	;volatile
  1348  0070  2872               	goto	u14_21
  1349  0071  2873               	goto	u14_20
  1350  0072                     u14_21:
  1351  0072  2877               	goto	i1l919
  1352  0073                     u14_20:
  1353  0073                     i1l917:
  1354                           
  1355                           ;slave_main.c: 79:        conversion = ADRESH;
  1356  0073  081E               	movf	30,w	;volatile
  1357  0074  00F0               	movwf	??_isr
  1358  0075  0870               	movf	??_isr,w
  1359  0076  00FA               	movwf	_conversion
  1360  0077                     i1l919:
  1361                           
  1362                           ;slave_main.c: 81:    PIR1bits.ADIF = 0;
  1363  0077  130C               	bcf	12,6	;volatile
  1364  0078                     i1l164:
  1365  0078  0872               	movf	??_isr+2,w
  1366  0079  008A               	movwf	10
  1367  007A  0E71               	swapf	??_isr+1,w
  1368  007B  0083               	movwf	3
  1369  007C  0EFE               	swapf	btemp,f
  1370  007D  0E7E               	swapf	btemp,w
  1371  007E  0009               	retfie
  1372  007F                     __end_of_isr:
  1373  007E                     btemp	set	126	;btemp
  1374  007E                     wtemp0	set	126
  1375                           
  1376                           	psect	intentry
  1377  0004                     __pintentry:	
  1378                           ;incstack = 0
  1379                           ; Regs used in _isr: [wreg]
  1380                           
  1381  0004                     interrupt_function:
  1382  007E                     saved_w	set	btemp
  1383  0004  00FE               	movwf	btemp
  1384  0005  0E03               	swapf	3,w
  1385  0006  00F1               	movwf	??_isr+1
  1386  0007  080A               	movf	10,w
  1387  0008  00F2               	movwf	??_isr+2
  1388  0009  120A  118A  2817   	ljmp	_isr
  1389                           
  1390                           	psect	config
  1391                           
  1392                           ;Config register CONFIG1 @ 0x2007
  1393                           ;	Oscillator Selection bits
  1394                           ;	FOSC = INTRC_NOCLKOUT, INTOSCIO oscillator: I/O function on RA6/OSC2/CLKOUT pin, I/O f
      +                          unction on RA7/OSC1/CLKIN
  1395                           ;	Watchdog Timer Enable bit
  1396                           ;	WDTE = OFF, WDT disabled and can be enabled by SWDTEN bit of the WDTCON register
  1397                           ;	Power-up Timer Enable bit
  1398                           ;	PWRTE = OFF, PWRT disabled
  1399                           ;	RE3/MCLR pin function select bit
  1400                           ;	MCLRE = OFF, RE3/MCLR pin function is digital input, MCLR internally tied to VDD
  1401                           ;	Code Protection bit
  1402                           ;	CP = OFF, Program memory code protection is disabled
  1403                           ;	Data Code Protection bit
  1404                           ;	CPD = OFF, Data memory code protection is disabled
  1405                           ;	Brown Out Reset Selection bits
  1406                           ;	BOREN = OFF, BOR disabled
  1407                           ;	Internal External Switchover bit
  1408                           ;	IESO = OFF, Internal/External Switchover mode is disabled
  1409                           ;	Fail-Safe Clock Monitor Enabled bit
  1410                           ;	FCMEN = OFF, Fail-Safe Clock Monitor is disabled
  1411                           ;	Low Voltage Programming Enable bit
  1412                           ;	LVP = OFF, RB3 pin has digital I/O, HV on MCLR must be used for programming
  1413                           ;	In-Circuit Debugger Mode bit
  1414                           ;	DEBUG = 0x1, unprogrammed default
  1415  2007                     	org	8199
  1416  2007  20D4               	dw	8404
  1417                           
  1418                           ;Config register CONFIG2 @ 0x2008
  1419                           ;	Brown-out Reset Selection bit
  1420                           ;	BOR4V = BOR40V, Brown-out Reset set to 4.0V
  1421                           ;	Flash Program Memory Self Write Enable bits
  1422                           ;	WRT = OFF, Write protection off
  1423  2008                     	org	8200
  1424  2008  3FFF               	dw	16383

Data Sizes:
    Strings     0
    Constant    0
    Data        0
    BSS         4
    Persistent  0
    Stack       0

Auto Spaces:
    Space          Size  Autos    Used
    COMMON           14      7      11
    BANK0            80      1       1
    BANK1            80      0       0
    BANK3            96      0       0
    BANK2            96      0       0

Pointer List with Targets:

    None.

Critical Paths under _main in COMMON

    _main->_conf_ADC

Critical Paths under _isr in COMMON

    None.

Critical Paths under _main in BANK0

    None.

Critical Paths under _isr in BANK0

    None.

Critical Paths under _main in BANK1

    None.

Critical Paths under _isr in BANK1

    None.

Critical Paths under _main in BANK3

    None.

Critical Paths under _isr in BANK3

    None.

Critical Paths under _main in BANK2

    None.

Critical Paths under _isr in BANK2

    None.

Call Graph Tables:

 ---------------------------------------------------------------------------------
 (Depth) Function   	        Calls       Base Space   Used Autos Params    Refs
 ---------------------------------------------------------------------------------
 (0) _main                                                 1     1      0     150
                                              0 BANK0      1     1      0
                     _I2C_Slave_Init
                           _conf_ADC
                        _conf_OSCCON
 ---------------------------------------------------------------------------------
 (1) _conf_OSCCON                                          3     3      0      15
                                              3 COMMON     3     3      0
 ---------------------------------------------------------------------------------
 (1) _conf_ADC                                             4     3      1     120
                                              3 COMMON     4     3      1
 ---------------------------------------------------------------------------------
 (1) _I2C_Slave_Init                                       1     1      0      15
                                              3 COMMON     1     1      0
 ---------------------------------------------------------------------------------
 Estimated maximum stack depth 1
 ---------------------------------------------------------------------------------
 (Depth) Function   	        Calls       Base Space   Used Autos Params    Refs
 ---------------------------------------------------------------------------------
 (2) _isr                                                  3     3      0       0
                                              0 COMMON     3     3      0
 ---------------------------------------------------------------------------------
 Estimated maximum stack depth 2
 ---------------------------------------------------------------------------------

 Call Graph Graphs:

 _main (ROOT)
   _I2C_Slave_Init
   _conf_ADC
   _conf_OSCCON

 _isr (ROOT)

 Address spaces:
Name               Size   Autos  Total    Cost      Usage
BITCOMMON            E      0       0       0        0.0%
EEDATA             100      0       0       0        0.0%
NULL                 0      0       0       0        0.0%
CODE                 0      0       0       0        0.0%
COMMON               E      7       B       1       78.6%
BITSFR0              0      0       0       1        0.0%
SFR0                 0      0       0       1        0.0%
BITSFR1              0      0       0       2        0.0%
SFR1                 0      0       0       2        0.0%
STACK                0      0       0       2        0.0%
ABS                  0      0       C       3        0.0%
BITBANK0            50      0       0       4        0.0%
BITSFR3              0      0       0       4        0.0%
SFR3                 0      0       0       4        0.0%
BANK0               50      1       1       5        1.2%
BITSFR2              0      0       0       5        0.0%
SFR2                 0      0       0       5        0.0%
BITBANK1            50      0       0       6        0.0%
BANK1               50      0       0       7        0.0%
BITBANK3            60      0       0       8        0.0%
BANK3               60      0       0       9        0.0%
BITBANK2            60      0       0      10        0.0%
BANK2               60      0       0      11        0.0%
DATA                 0      0       C      12        0.0%


Microchip Technology PIC Macro Assembler V2.31 build 20201012212115 
Symbol Table                                                                                   Tue Aug 10 10:47:42 2021

                      _z 0078              _SSPSTATbits 0094                       _BF 04A0  
                     l70 00D7                       l55 018D                       l78 00DA  
                     l87 0173                      l803 00B5                      l771 0183  
                    l781 018A                      l773 0184                      l775 0185  
                    l791 0094                      l783 0080                      l777 0186  
                    l769 0175                      l793 009B                      l785 0081  
                    l779 0187                      l795 00A2                      l787 0086  
                    l797 00A9                      l789 008D                      l799 00B0  
                    l993 012B                      l995 012C                      _GIE 005F  
                    l997 0131                      l999 0138                      u170 011C  
                    u171 011B                      u187 0104                      u197 0120  
                    _isr 0017                     l1001 013F                     l1011 0168  
                   l1013 016B                     l1005 0146                     l1101 00E0  
                   l1015 016C                     l1007 015C                     l1111 010A  
                   l1103 00EE                     l1017 016D                     l1009 0167  
                   l1121 0118                     l1113 0110                     l1105 00F4  
                   l1019 0170                     l1123 011C                     l1115 0111  
                   l1107 0100                     l1125 0123                     l1117 0114  
                   l1109 0107                     l1119 0117                     l1167 00BD  
                   l1169 014E                     l1097 00DB                     l1099 00DF  
                   _ADIF 0066                     ?_isr 0070                     _PEIE 005E  
                   u5_20 001D                     u5_21 001C                     u6_20 0022  
                   u6_21 0021                     u7_20 0026                     u7_21 0025  
                   u8_20 0033                     u8_21 0032                     u9_20 0037  
                   u9_21 0036                     _dato 0077                     _main 00DB  
                   btemp 007E                     start 000C                    ??_isr 0070  
                  ?_main 0070                    _ANSEL 0188                    i1l150 006F  
                  i1l160 0066                    i1l154 004B                    i1l155 003F  
                  i1l164 0078                    i1l158 006C                    i1l901 0037  
                  i1l911 0053                    i1l903 003D                    i1l913 0059  
                  i1l905 003E                    i1l915 0060                    i1l907 0045  
                  i1l917 0073                    i1l909 004F                    i1l919 0077  
                  i1l891 002A                    i1l883 0017                    i1l893 002B  
                  i1l885 001D                    i1l895 002C                    i1l887 0022  
                  i1l897 002D                    i1l889 0026                    i1l899 0033  
                  u10_20 0045                    u10_21 0044                    u11_20 004F  
                  u11_21 004E                    u12_20 0053                    u12_21 0052  
                  u20_27 0047                    u13_20 006C                    u13_21 006B  
                  u21_27 0063                    u14_20 0073                    u14_21 0072  
                  _PORTA 0005                    _PORTB 0006                    _PORTC 0007  
                  _PORTD 0008                    _PORTE 0009                    _TRISA 0085  
                  _TRISB 0086                    _TRISD 0088                    _SSPIE 0463  
                  _TRISE 0089                    _SSPIF 0063                    _canal 0079  
                  pclath 000A                    status 0003                    wtemp0 007E  
        __initialization 000F             __end_of_main 012A                   ??_main 0020  
   __size_of_conf_OSCCON 005C                   _ADRESH 001E                   _ADRESL 009E  
                 _ANSELH 0189                   _SSPADD 0093                   _TRISC3 043B  
                 _TRISC4 043C                   _SSPCON 0014                   _SSPBUF 0013  
       __end_of_conf_ADC 0174       conf_ADC@frec_reloj 0073                   saved_w 007E  
__end_of__initialization 0013           __pcstackCOMMON 0070  __size_of_I2C_Slave_Init 001A  
  I2C_Slave_Init@address 0073               __pmaintext 00DB               __pintentry 0004  
              ?_conf_ADC 0073                  _SSPCON2 0091                  _SSPSTAT 0094  
             _conversion 007A                  __ptext1 007F                  __ptext2 012A  
                __ptext3 0174                  __ptext4 0017             __size_of_isr 0068  
             ??_conf_ADC 0074     end_of_initialization 0013           _I2C_Slave_Init 0174  
          ??_conf_OSCCON 0073                _TRISCbits 0087   __end_of_I2C_Slave_Init 018E  
    start_initialization 000F              __end_of_isr 007F      __end_of_conf_OSCCON 00DB  
        ?_I2C_Slave_Init 0070              __pbssCOMMON 0077                ___latbits 0002  
          __pcstackBANK0 0020        __size_of_conf_ADC 004A              _conf_OSCCON 007F  
      interrupt_function 0004                 _PIE1bits 008C                 _PIR1bits 000C  
             _ADCON0bits 001F               _ADCON1bits 009F            conf_ADC@canal 0076  
               _conf_ADC 012A         ??_I2C_Slave_Init 0073            __size_of_main 004F  
             _INTCONbits 000B                 intlevel1 0000               _OSCCONbits 008F  
           ?_conf_OSCCON 0070              _SSPCON2bits 0091    conf_OSCCON@frecuencia 0075  
             _SSPCONbits 0014  
